{"meta": {"format": 3, "version": "7.10.6", "timestamp": "2025-11-24T21:37:52.721774", "branch_coverage": false, "show_contexts": false}, "files": {"src/maps/__init__.py": {"executed_lines": [1, 9, 25, 26, 49, 50, 51, 53, 56, 57, 58, 60, 63, 64, 65, 74, 75, 78], "summary": {"covered_lines": 17, "num_statements": 35, "percent_covered": 48.57142857142857, "percent_covered_display": "49", "missing_lines": 18, "excluded_lines": 0}, "missing_lines": [11, 20, 35, 37, 38, 39, 40, 41, 42, 43, 44, 46, 66, 68, 69, 70, 71, 72], "excluded_lines": [], "functions": {"_lazy_import_parser": {"executed_lines": [], "summary": {"covered_lines": 0, "num_statements": 2, "percent_covered": 0.0, "percent_covered_display": "0", "missing_lines": 2, "excluded_lines": 0}, "missing_lines": [11, 20], "excluded_lines": []}, "": {"executed_lines": [1, 9, 25, 26, 49, 50, 51, 53, 56, 57, 58, 60, 63, 64, 65, 74, 75, 78], "summary": {"covered_lines": 17, "num_statements": 33, "percent_covered": 51.515151515151516, "percent_covered_display": "52", "missing_lines": 16, "excluded_lines": 0}, "missing_lines": [35, 37, 38, 39, 40, 41, 42, 43, 44, 46, 66, 68, 69, 70, 71, 72], "excluded_lines": []}}, "classes": {"": {"executed_lines": [1, 9, 25, 26, 49, 50, 51, 53, 56, 57, 58, 60, 63, 64, 65, 74, 75, 78], "summary": {"covered_lines": 17, "num_statements": 35, "percent_covered": 48.57142857142857, "percent_covered_display": "49", "missing_lines": 18, "excluded_lines": 0}, "missing_lines": [11, 20, 35, 37, 38, 39, 40, 41, 42, 43, 44, 46, 66, 68, 69, 70, 71, 72], "excluded_lines": []}}}, "src/maps/__main__.py": {"executed_lines": [], "summary": {"covered_lines": 0, "num_statements": 8, "percent_covered": 0.0, "percent_covered_display": "0", "missing_lines": 8, "excluded_lines": 0}, "missing_lines": [6, 7, 10, 12, 13, 14, 17, 18], "excluded_lines": [], "functions": {"main": {"executed_lines": [], "summary": {"covered_lines": 0, "num_statements": 3, "percent_covered": 0.0, "percent_covered_display": "0", "missing_lines": 3, "excluded_lines": 0}, "missing_lines": [12, 13, 14], "excluded_lines": []}, "": {"executed_lines": [], "summary": {"covered_lines": 0, "num_statements": 5, "percent_covered": 0.0, "percent_covered_display": "0", "missing_lines": 5, "excluded_lines": 0}, "missing_lines": [6, 7, 10, 17, 18], "excluded_lines": []}}, "classes": {"": {"executed_lines": [], "summary": {"covered_lines": 0, "num_statements": 8, "percent_covered": 0.0, "percent_covered_display": "0", "missing_lines": 8, "excluded_lines": 0}, "missing_lines": [6, 7, 10, 12, 13, 14, 17, 18], "excluded_lines": []}}}, "src/maps/adapters/__init__.py": {"executed_lines": [1, 8, 10], "summary": {"covered_lines": 2, "num_statements": 2, "percent_covered": 100.0, "percent_covered_display": "100", "missing_lines": 0, "excluded_lines": 0}, "missing_lines": [], "excluded_lines": [], "functions": {"": {"executed_lines": [1, 8, 10], "summary": {"covered_lines": 2, "num_statements": 2, "percent_covered": 100.0, "percent_covered_display": "100", "missing_lines": 0, "excluded_lines": 0}, "missing_lines": [], "excluded_lines": []}}, "classes": {"": {"executed_lines": [1, 8, 10], "summary": {"covered_lines": 2, "num_statements": 2, "percent_covered": 100.0, "percent_covered_display": "100", "missing_lines": 0, "excluded_lines": 0}, "missing_lines": [], "excluded_lines": []}}}, "src/maps/adapters/pylidc_adapter.py": {"executed_lines": [1, 29, 30, 31, 33, 34, 35, 40, 51, 52, 60, 62, 68, 86, 97, 98, 100, 101, 103, 104, 105, 109, 112, 113, 114, 117, 124, 145, 147, 162, 169, 170, 171, 174, 175, 177, 179, 190, 192, 225, 235, 238, 244, 245, 246, 248, 249, 250, 251, 254, 255, 257, 258, 259, 260, 262, 264, 279, 280, 282, 298, 300, 315, 317, 318, 319, 320, 321, 322, 329, 339, 346, 393, 404, 405], "summary": {"covered_lines": 73, "num_statements": 93, "percent_covered": 78.49462365591398, "percent_covered_display": "78", "missing_lines": 20, "excluded_lines": 0}, "missing_lines": [36, 37, 38, 63, 324, 325, 326, 369, 370, 372, 375, 376, 377, 378, 379, 382, 383, 384, 388, 390], "excluded_lines": [], "functions": {"PyLIDCAdapter.__init__": {"executed_lines": [62], "summary": {"covered_lines": 1, "num_statements": 2, "percent_covered": 50.0, "percent_covered_display": "50", "missing_lines": 1, "excluded_lines": 0}, "missing_lines": [63], "excluded_lines": []}, "PyLIDCAdapter.scan_to_canonical": {"executed_lines": [86, 97, 98, 100, 101, 103, 104, 105, 109, 112, 113, 114, 117, 124, 145], "summary": {"covered_lines": 15, "num_statements": 15, "percent_covered": 100.0, "percent_covered_display": "100", "missing_lines": 0, "excluded_lines": 0}, "missing_lines": [], "excluded_lines": []}, "PyLIDCAdapter._cluster_to_nodule": {"executed_lines": [162, 169, 170, 171, 174, 175, 177], "summary": {"covered_lines": 7, "num_statements": 7, "percent_covered": 100.0, "percent_covered_display": "100", "missing_lines": 0, "excluded_lines": 0}, "missing_lines": [], "excluded_lines": []}, "PyLIDCAdapter._annotation_to_dict": {"executed_lines": [190, 192], "summary": {"covered_lines": 2, "num_statements": 2, "percent_covered": 100.0, "percent_covered_display": "100", "missing_lines": 0, "excluded_lines": 0}, "missing_lines": [], "excluded_lines": []}, "PyLIDCAdapter._calculate_consensus": {"executed_lines": [235, 238, 244, 245, 246, 248, 249, 250, 251, 254, 255, 257, 258, 259, 260, 262], "summary": {"covered_lines": 16, "num_statements": 16, "percent_covered": 100.0, "percent_covered_display": "100", "missing_lines": 0, "excluded_lines": 0}, "missing_lines": [], "excluded_lines": []}, "PyLIDCAdapter.annotation_to_entity": {"executed_lines": [279, 280, 282, 298], "summary": {"covered_lines": 4, "num_statements": 4, "percent_covered": 100.0, "percent_covered_display": "100", "missing_lines": 0, "excluded_lines": 0}, "missing_lines": [], "excluded_lines": []}, "PyLIDCAdapter.scan_to_entities": {"executed_lines": [315, 317, 318, 319, 320, 321, 322, 329, 339], "summary": {"covered_lines": 9, "num_statements": 12, "percent_covered": 75.0, "percent_covered_display": "75", "missing_lines": 3, "excluded_lines": 0}, "missing_lines": [324, 325, 326], "excluded_lines": []}, "query_and_convert": {"executed_lines": [], "summary": {"covered_lines": 0, "num_statements": 13, "percent_covered": 0.0, "percent_covered_display": "0", "missing_lines": 13, "excluded_lines": 0}, "missing_lines": [369, 370, 372, 375, 376, 377, 378, 379, 382, 383, 384, 388, 390], "excluded_lines": []}, "scan_to_canonical": {"executed_lines": [404, 405], "summary": {"covered_lines": 2, "num_statements": 2, "percent_covered": 100.0, "percent_covered_display": "100", "missing_lines": 0, "excluded_lines": 0}, "missing_lines": [], "excluded_lines": []}, "": {"executed_lines": [1, 29, 30, 31, 33, 34, 35, 40, 51, 52, 60, 68, 147, 179, 225, 264, 300, 346, 393], "summary": {"covered_lines": 17, "num_statements": 20, "percent_covered": 85.0, "percent_covered_display": "85", "missing_lines": 3, "excluded_lines": 0}, "missing_lines": [36, 37, 38], "excluded_lines": []}}, "classes": {"PyLIDCAdapter": {"executed_lines": [62, 86, 97, 98, 100, 101, 103, 104, 105, 109, 112, 113, 114, 117, 124, 145, 162, 169, 170, 171, 174, 175, 177, 190, 192, 235, 238, 244, 245, 246, 248, 249, 250, 251, 254, 255, 257, 258, 259, 260, 262, 279, 280, 282, 298, 315, 317, 318, 319, 320, 321, 322, 329, 339], "summary": {"covered_lines": 54, "num_statements": 58, "percent_covered": 93.10344827586206, "percent_covered_display": "93", "missing_lines": 4, "excluded_lines": 0}, "missing_lines": [63, 324, 325, 326], "excluded_lines": []}, "": {"executed_lines": [1, 29, 30, 31, 33, 34, 35, 40, 51, 52, 60, 68, 147, 179, 225, 264, 300, 346, 393, 404, 405], "summary": {"covered_lines": 19, "num_statements": 35, "percent_covered": 54.285714285714285, "percent_covered_display": "54", "missing_lines": 16, "excluded_lines": 0}, "missing_lines": [36, 37, 38, 369, 370, 372, 375, 376, 377, 378, 379, 382, 383, 384, 388, 390], "excluded_lines": []}}}, "src/maps/analysis_exporter.py": {"executed_lines": [], "summary": {"covered_lines": 0, "num_statements": 149, "percent_covered": 0.0, "percent_covered_display": "0", "missing_lines": 149, "excluded_lines": 0}, "missing_lines": [11, 12, 13, 14, 15, 16, 17, 20, 23, 31, 36, 52, 54, 55, 56, 58, 59, 61, 71, 73, 74, 76, 77, 79, 104, 114, 115, 117, 124, 125, 127, 146, 147, 148, 150, 152, 153, 154, 156, 157, 159, 160, 161, 162, 164, 165, 167, 188, 189, 190, 192, 194, 195, 196, 198, 199, 201, 202, 203, 205, 207, 208, 210, 217, 220, 221, 222, 223, 225, 226, 227, 228, 229, 232, 233, 234, 236, 237, 238, 241, 242, 244, 245, 246, 249, 250, 251, 253, 255, 257, 259, 260, 261, 263, 264, 265, 267, 268, 269, 271, 272, 273, 275, 276, 277, 279, 280, 282, 284, 292, 294, 296, 297, 298, 300, 302, 303, 305, 306, 308, 310, 318, 320, 321, 323, 324, 325, 327, 328, 330, 331, 335, 344, 346, 347, 348, 349, 351, 354, 356, 357, 360, 362, 364, 367, 370, 373, 377, 379], "excluded_lines": [], "functions": {"AnalysisExporter.__init__": {"executed_lines": [], "summary": {"covered_lines": 0, "num_statements": 1, "percent_covered": 0.0, "percent_covered_display": "0", "missing_lines": 1, "excluded_lines": 0}, "missing_lines": [31], "excluded_lines": []}, "AnalysisExporter.get_master_table": {"executed_lines": [], "summary": {"covered_lines": 0, "num_statements": 6, "percent_covered": 0.0, "percent_covered_display": "0", "missing_lines": 6, "excluded_lines": 0}, "missing_lines": [52, 54, 55, 56, 58, 59], "excluded_lines": []}, "AnalysisExporter.get_export_table": {"executed_lines": [], "summary": {"covered_lines": 0, "num_statements": 5, "percent_covered": 0.0, "percent_covered_display": "0", "missing_lines": 5, "excluded_lines": 0}, "missing_lines": [71, 73, 74, 76, 77], "excluded_lines": []}, "AnalysisExporter.filter_by_criteria": {"executed_lines": [], "summary": {"covered_lines": 0, "num_statements": 3, "percent_covered": 0.0, "percent_covered_display": "0", "missing_lines": 3, "excluded_lines": 0}, "missing_lines": [104, 114, 115], "excluded_lines": []}, "AnalysisExporter.refresh_export_table": {"executed_lines": [], "summary": {"covered_lines": 0, "num_statements": 2, "percent_covered": 0.0, "percent_covered_display": "0", "missing_lines": 2, "excluded_lines": 0}, "missing_lines": [124, 125], "excluded_lines": []}, "AnalysisExporter.export_to_csv": {"executed_lines": [], "summary": {"covered_lines": 0, "num_statements": 15, "percent_covered": 0.0, "percent_covered_display": "0", "missing_lines": 15, "excluded_lines": 0}, "missing_lines": [146, 147, 148, 150, 152, 153, 154, 156, 157, 159, 160, 161, 162, 164, 165], "excluded_lines": []}, "AnalysisExporter.export_to_json": {"executed_lines": [], "summary": {"covered_lines": 0, "num_statements": 15, "percent_covered": 0.0, "percent_covered_display": "0", "missing_lines": 15, "excluded_lines": 0}, "missing_lines": [188, 189, 190, 192, 194, 195, 196, 198, 199, 201, 202, 203, 205, 207, 208], "excluded_lines": []}, "AnalysisExporter.get_summary_stats": {"executed_lines": [], "summary": {"covered_lines": 0, "num_statements": 25, "percent_covered": 0.0, "percent_covered_display": "0", "missing_lines": 25, "excluded_lines": 0}, "missing_lines": [217, 220, 221, 222, 223, 225, 226, 227, 228, 229, 232, 233, 234, 236, 237, 238, 241, 242, 244, 245, 246, 249, 250, 251, 253], "excluded_lines": []}, "AnalysisExporter.print_summary": {"executed_lines": [], "summary": {"covered_lines": 0, "num_statements": 19, "percent_covered": 0.0, "percent_covered_display": "0", "missing_lines": 19, "excluded_lines": 0}, "missing_lines": [257, 259, 260, 261, 263, 264, 265, 267, 268, 269, 271, 272, 273, 275, 276, 277, 279, 280, 282], "excluded_lines": []}, "AnalysisExporter.export_by_file_type": {"executed_lines": [], "summary": {"covered_lines": 0, "num_statements": 11, "percent_covered": 0.0, "percent_covered_display": "0", "missing_lines": 11, "excluded_lines": 0}, "missing_lines": [292, 294, 296, 297, 298, 300, 302, 303, 305, 306, 308], "excluded_lines": []}, "AnalysisExporter.export_high_relevance_keywords": {"executed_lines": [], "summary": {"covered_lines": 0, "num_statements": 10, "percent_covered": 0.0, "percent_covered_display": "0", "missing_lines": 10, "excluded_lines": 0}, "missing_lines": [318, 320, 321, 323, 324, 325, 327, 328, 330, 331], "excluded_lines": []}, "quick_export": {"executed_lines": [], "summary": {"covered_lines": 0, "num_statements": 6, "percent_covered": 0.0, "percent_covered_display": "0", "missing_lines": 6, "excluded_lines": 0}, "missing_lines": [344, 346, 347, 348, 349, 351], "excluded_lines": []}, "print_stats": {"executed_lines": [], "summary": {"covered_lines": 0, "num_statements": 2, "percent_covered": 0.0, "percent_covered_display": "0", "missing_lines": 2, "excluded_lines": 0}, "missing_lines": [356, 357], "excluded_lines": []}, "": {"executed_lines": [], "summary": {"covered_lines": 0, "num_statements": 29, "percent_covered": 0.0, "percent_covered_display": "0", "missing_lines": 29, "excluded_lines": 0}, "missing_lines": [11, 12, 13, 14, 15, 16, 17, 20, 23, 36, 61, 79, 117, 127, 167, 210, 255, 284, 310, 335, 354, 360, 362, 364, 367, 370, 373, 377, 379], "excluded_lines": []}}, "classes": {"AnalysisExporter": {"executed_lines": [], "summary": {"covered_lines": 0, "num_statements": 112, "percent_covered": 0.0, "percent_covered_display": "0", "missing_lines": 112, "excluded_lines": 0}, "missing_lines": [31, 52, 54, 55, 56, 58, 59, 71, 73, 74, 76, 77, 104, 114, 115, 124, 125, 146, 147, 148, 150, 152, 153, 154, 156, 157, 159, 160, 161, 162, 164, 165, 188, 189, 190, 192, 194, 195, 196, 198, 199, 201, 202, 203, 205, 207, 208, 217, 220, 221, 222, 223, 225, 226, 227, 228, 229, 232, 233, 234, 236, 237, 238, 241, 242, 244, 245, 246, 249, 250, 251, 253, 257, 259, 260, 261, 263, 264, 265, 267, 268, 269, 271, 272, 273, 275, 276, 277, 279, 280, 282, 292, 294, 296, 297, 298, 300, 302, 303, 305, 306, 308, 318, 320, 321, 323, 324, 325, 327, 328, 330, 331], "excluded_lines": []}, "": {"executed_lines": [], "summary": {"covered_lines": 0, "num_statements": 37, "percent_covered": 0.0, "percent_covered_display": "0", "missing_lines": 37, "excluded_lines": 0}, "missing_lines": [11, 12, 13, 14, 15, 16, 17, 20, 23, 36, 61, 79, 117, 127, 167, 210, 255, 284, 310, 335, 344, 346, 347, 348, 349, 351, 354, 356, 357, 360, 362, 364, 367, 370, 373, 377, 379], "excluded_lines": []}}}, "src/maps/api/__init__.py": {"executed_lines": [1, 8, 10], "summary": {"covered_lines": 2, "num_statements": 2, "percent_covered": 100.0, "percent_covered_display": "100", "missing_lines": 0, "excluded_lines": 0}, "missing_lines": [], "excluded_lines": [], "functions": {"": {"executed_lines": [1, 8, 10], "summary": {"covered_lines": 2, "num_statements": 2, "percent_covered": 100.0, "percent_covered_display": "100", "missing_lines": 0, "excluded_lines": 0}, "missing_lines": [], "excluded_lines": []}}, "classes": {"": {"executed_lines": [1, 8, 10], "summary": {"covered_lines": 2, "num_statements": 2, "percent_covered": 100.0, "percent_covered_display": "100", "missing_lines": 0, "excluded_lines": 0}, "missing_lines": [], "excluded_lines": []}}}, "src/maps/api/config.py": {"executed_lines": [1, 7, 8, 9, 10, 13, 14, 17, 18, 19, 22, 23, 24, 27, 30, 31, 32, 35, 38, 39, 40, 43, 44, 47, 50, 53, 54, 55, 58, 59, 60, 61, 63, 64, 68, 71], "summary": {"covered_lines": 34, "num_statements": 34, "percent_covered": 100.0, "percent_covered_display": "100", "missing_lines": 0, "excluded_lines": 0}, "missing_lines": [], "excluded_lines": [], "functions": {"": {"executed_lines": [1, 7, 8, 9, 10, 13, 14, 17, 18, 19, 22, 23, 24, 27, 30, 31, 32, 35, 38, 39, 40, 43, 44, 47, 50, 53, 54, 55, 58, 59, 60, 61, 63, 64, 68, 71], "summary": {"covered_lines": 34, "num_statements": 34, "percent_covered": 100.0, "percent_covered_display": "100", "missing_lines": 0, "excluded_lines": 0}, "missing_lines": [], "excluded_lines": []}}, "classes": {"Settings": {"executed_lines": [], "summary": {"covered_lines": 0, "num_statements": 0, "percent_covered": 100.0, "percent_covered_display": "100", "missing_lines": 0, "excluded_lines": 0}, "missing_lines": [], "excluded_lines": []}, "Settings.Config": {"executed_lines": [], "summary": {"covered_lines": 0, "num_statements": 0, "percent_covered": 100.0, "percent_covered_display": "100", "missing_lines": 0, "excluded_lines": 0}, "missing_lines": [], "excluded_lines": []}, "": {"executed_lines": [1, 7, 8, 9, 10, 13, 14, 17, 18, 19, 22, 23, 24, 27, 30, 31, 32, 35, 38, 39, 40, 43, 44, 47, 50, 53, 54, 55, 58, 59, 60, 61, 63, 64, 68, 71], "summary": {"covered_lines": 34, "num_statements": 34, "percent_covered": 100.0, "percent_covered_display": "100", "missing_lines": 0, "excluded_lines": 0}, "missing_lines": [], "excluded_lines": []}}}, "src/maps/api/dependencies.py": {"executed_lines": [1, 7, 8, 9, 10, 11, 12, 14, 16, 19, 20, 22, 25, 26, 28, 38, 41, 44, 45, 50, 53, 60, 61, 62, 63, 65, 68], "summary": {"covered_lines": 26, "num_statements": 36, "percent_covered": 72.22222222222223, "percent_covered_display": "72", "missing_lines": 10, "excluded_lines": 0}, "missing_lines": [27, 70, 71, 75, 76, 77, 78, 79, 80, 81], "excluded_lines": [], "functions": {"get_db_engine": {"executed_lines": [25, 26, 28, 38], "summary": {"covered_lines": 4, "num_statements": 5, "percent_covered": 80.0, "percent_covered_display": "80", "missing_lines": 1, "excluded_lines": 0}, "missing_lines": [27], "excluded_lines": []}, "get_session_local": {"executed_lines": [44, 45, 50], "summary": {"covered_lines": 3, "num_statements": 3, "percent_covered": 100.0, "percent_covered_display": "100", "missing_lines": 0, "excluded_lines": 0}, "missing_lines": [], "excluded_lines": []}, "get_db": {"executed_lines": [60, 61, 62, 63, 65], "summary": {"covered_lines": 5, "num_statements": 5, "percent_covered": 100.0, "percent_covered_display": "100", "missing_lines": 0, "excluded_lines": 0}, "missing_lines": [], "excluded_lines": []}, "verify_database_connection": {"executed_lines": [], "summary": {"covered_lines": 0, "num_statements": 9, "percent_covered": 0.0, "percent_covered_display": "0", "missing_lines": 9, "excluded_lines": 0}, "missing_lines": [70, 71, 75, 76, 77, 78, 79, 80, 81], "excluded_lines": []}, "": {"executed_lines": [1, 7, 8, 9, 10, 11, 12, 14, 16, 19, 20, 22, 41, 53, 68], "summary": {"covered_lines": 14, "num_statements": 14, "percent_covered": 100.0, "percent_covered_display": "100", "missing_lines": 0, "excluded_lines": 0}, "missing_lines": [], "excluded_lines": []}}, "classes": {"": {"executed_lines": [1, 7, 8, 9, 10, 11, 12, 14, 16, 19, 20, 22, 25, 26, 28, 38, 41, 44, 45, 50, 53, 60, 61, 62, 63, 65, 68], "summary": {"covered_lines": 26, "num_statements": 36, "percent_covered": 72.22222222222223, "percent_covered_display": "72", "missing_lines": 10, "excluded_lines": 0}, "missing_lines": [27, 70, 71, 75, 76, 77, 78, 79, 80, 81], "excluded_lines": []}}}, "src/maps/api/main.py": {"executed_lines": [1, 7, 8, 9, 10, 11, 13, 14, 33, 37, 40, 49, 58, 59, 63, 64, 66, 68, 69, 70, 71, 72, 73, 82, 83, 87, 88, 89, 90, 91, 92, 93, 94, 95, 96, 97, 98, 99, 100, 101, 104, 105, 130, 131, 138, 144, 146, 147, 152, 153, 154, 156, 161, 167, 170, 171, 173, 174, 184, 185, 191, 192, 197], "summary": {"covered_lines": 62, "num_statements": 72, "percent_covered": 86.11111111111111, "percent_covered_display": "86", "missing_lines": 10, "excluded_lines": 0}, "missing_lines": [107, 148, 149, 150, 151, 187, 188, 194, 198, 199], "excluded_lines": [], "functions": {"limit_upload_size": {"executed_lines": [66, 68, 69, 70, 71, 72, 73, 82, 83], "summary": {"covered_lines": 9, "num_statements": 9, "percent_covered": 100.0, "percent_covered_display": "100", "missing_lines": 0, "excluded_lines": 0}, "missing_lines": [], "excluded_lines": []}, "root": {"executed_lines": [], "summary": {"covered_lines": 0, "num_statements": 1, "percent_covered": 0.0, "percent_covered_display": "0", "missing_lines": 1, "excluded_lines": 0}, "missing_lines": [107], "excluded_lines": []}, "health_check": {"executed_lines": [138, 144, 146, 147, 152, 153, 154, 156, 161, 167], "summary": {"covered_lines": 10, "num_statements": 14, "percent_covered": 71.42857142857143, "percent_covered_display": "71", "missing_lines": 4, "excluded_lines": 0}, "missing_lines": [148, 149, 150, 151], "excluded_lines": []}, "global_exception_handler": {"executed_lines": [173, 174], "summary": {"covered_lines": 2, "num_statements": 2, "percent_covered": 100.0, "percent_covered_display": "100", "missing_lines": 0, "excluded_lines": 0}, "missing_lines": [], "excluded_lines": []}, "startup_event": {"executed_lines": [], "summary": {"covered_lines": 0, "num_statements": 2, "percent_covered": 0.0, "percent_covered_display": "0", "missing_lines": 2, "excluded_lines": 0}, "missing_lines": [187, 188], "excluded_lines": []}, "shutdown_event": {"executed_lines": [], "summary": {"covered_lines": 0, "num_statements": 1, "percent_covered": 0.0, "percent_covered_display": "0", "missing_lines": 1, "excluded_lines": 0}, "missing_lines": [194], "excluded_lines": []}, "": {"executed_lines": [1, 7, 8, 9, 10, 11, 13, 14, 33, 37, 40, 49, 58, 59, 63, 64, 87, 88, 89, 90, 91, 92, 93, 94, 95, 96, 97, 98, 99, 100, 101, 104, 105, 130, 131, 170, 171, 184, 185, 191, 192, 197], "summary": {"covered_lines": 41, "num_statements": 43, "percent_covered": 95.34883720930233, "percent_covered_display": "95", "missing_lines": 2, "excluded_lines": 0}, "missing_lines": [198, 199], "excluded_lines": []}}, "classes": {"": {"executed_lines": [1, 7, 8, 9, 10, 11, 13, 14, 33, 37, 40, 49, 58, 59, 63, 64, 66, 68, 69, 70, 71, 72, 73, 82, 83, 87, 88, 89, 90, 91, 92, 93, 94, 95, 96, 97, 98, 99, 100, 101, 104, 105, 130, 131, 138, 144, 146, 147, 152, 153, 154, 156, 161, 167, 170, 171, 173, 174, 184, 185, 191, 192, 197], "summary": {"covered_lines": 62, "num_statements": 72, "percent_covered": 86.11111111111111, "percent_covered_display": "86", "missing_lines": 10, "excluded_lines": 0}, "missing_lines": [107, 148, 149, 150, 151, 187, 188, 194, 198, 199], "excluded_lines": []}}}, "src/maps/api/models/__init__.py": {"executed_lines": [1, 7, 8, 10], "summary": {"covered_lines": 3, "num_statements": 3, "percent_covered": 100.0, "percent_covered_display": "100", "missing_lines": 0, "excluded_lines": 0}, "missing_lines": [], "excluded_lines": [], "functions": {"": {"executed_lines": [1, 7, 8, 10], "summary": {"covered_lines": 3, "num_statements": 3, "percent_covered": 100.0, "percent_covered_display": "100", "missing_lines": 0, "excluded_lines": 0}, "missing_lines": [], "excluded_lines": []}}, "classes": {"": {"executed_lines": [1, 7, 8, 10], "summary": {"covered_lines": 3, "num_statements": 3, "percent_covered": 100.0, "percent_covered_display": "100", "missing_lines": 0, "excluded_lines": 0}, "missing_lines": [], "excluded_lines": []}}}, "src/maps/api/models/requests.py": {"executed_lines": [1, 7, 8, 9, 12, 13, 14, 15, 16, 19, 20, 21, 22, 23, 24, 27, 28, 30, 34, 38, 42, 46, 52, 53, 55, 59, 65, 69, 75, 76, 78, 84, 85, 87, 91, 97, 101, 107, 108, 110, 116, 120, 124, 130, 137, 138, 140, 144, 148, 152, 156, 160, 166, 167, 169, 175, 179], "summary": {"covered_lines": 47, "num_statements": 47, "percent_covered": 100.0, "percent_covered_display": "100", "missing_lines": 0, "excluded_lines": 0}, "missing_lines": [], "excluded_lines": [], "functions": {"": {"executed_lines": [1, 7, 8, 9, 12, 13, 14, 15, 16, 19, 20, 21, 22, 23, 24, 27, 28, 30, 34, 38, 42, 46, 52, 53, 55, 59, 65, 69, 75, 76, 78, 84, 85, 87, 91, 97, 101, 107, 108, 110, 116, 120, 124, 130, 137, 138, 140, 144, 148, 152, 156, 160, 166, 167, 169, 175, 179], "summary": {"covered_lines": 47, "num_statements": 47, "percent_covered": 100.0, "percent_covered_display": "100", "missing_lines": 0, "excluded_lines": 0}, "missing_lines": [], "excluded_lines": []}}, "classes": {"ProfileType": {"executed_lines": [], "summary": {"covered_lines": 0, "num_statements": 0, "percent_covered": 100.0, "percent_covered_display": "100", "missing_lines": 0, "excluded_lines": 0}, "missing_lines": [], "excluded_lines": []}, "ExportFormat": {"executed_lines": [], "summary": {"covered_lines": 0, "num_statements": 0, "percent_covered": 100.0, "percent_covered_display": "100", "missing_lines": 0, "excluded_lines": 0}, "missing_lines": [], "excluded_lines": []}, "ParseRequest": {"executed_lines": [], "summary": {"covered_lines": 0, "num_statements": 0, "percent_covered": 100.0, "percent_covered_display": "100", "missing_lines": 0, "excluded_lines": 0}, "missing_lines": [], "excluded_lines": []}, "BatchParseRequest": {"executed_lines": [], "summary": {"covered_lines": 0, "num_statements": 0, "percent_covered": 100.0, "percent_covered_display": "100", "missing_lines": 0, "excluded_lines": 0}, "missing_lines": [], "excluded_lines": []}, "DetectRequest": {"executed_lines": [], "summary": {"covered_lines": 0, "num_statements": 0, "percent_covered": 100.0, "percent_covered_display": "100", "missing_lines": 0, "excluded_lines": 0}, "missing_lines": [], "excluded_lines": []}, "PyLIDCImportRequest": {"executed_lines": [], "summary": {"covered_lines": 0, "num_statements": 0, "percent_covered": 100.0, "percent_covered_display": "100", "missing_lines": 0, "excluded_lines": 0}, "missing_lines": [], "excluded_lines": []}, "SearchRequest": {"executed_lines": [], "summary": {"covered_lines": 0, "num_statements": 0, "percent_covered": 100.0, "percent_covered_display": "100", "missing_lines": 0, "excluded_lines": 0}, "missing_lines": [], "excluded_lines": []}, "ExportRequest": {"executed_lines": [], "summary": {"covered_lines": 0, "num_statements": 0, "percent_covered": 100.0, "percent_covered_display": "100", "missing_lines": 0, "excluded_lines": 0}, "missing_lines": [], "excluded_lines": []}, "CustomQueryRequest": {"executed_lines": [], "summary": {"covered_lines": 0, "num_statements": 0, "percent_covered": 100.0, "percent_covered_display": "100", "missing_lines": 0, "excluded_lines": 0}, "missing_lines": [], "excluded_lines": []}, "": {"executed_lines": [1, 7, 8, 9, 12, 13, 14, 15, 16, 19, 20, 21, 22, 23, 24, 27, 28, 30, 34, 38, 42, 46, 52, 53, 55, 59, 65, 69, 75, 76, 78, 84, 85, 87, 91, 97, 101, 107, 108, 110, 116, 120, 124, 130, 137, 138, 140, 144, 148, 152, 156, 160, 166, 167, 169, 175, 179], "summary": {"covered_lines": 47, "num_statements": 47, "percent_covered": 100.0, "percent_covered_display": "100", "missing_lines": 0, "excluded_lines": 0}, "missing_lines": [], "excluded_lines": []}}}, "src/maps/api/models/responses.py": {"executed_lines": [1, 7, 8, 9, 12, 13, 14, 15, 16, 19, 20, 21, 22, 23, 24, 25, 28, 29, 30, 31, 34, 35, 36, 37, 38, 41, 42, 43, 44, 45, 46, 47, 50, 51, 52, 53, 54, 55, 56, 59, 60, 61, 62, 63, 64, 65, 66, 67, 68, 71, 72, 73, 74, 75, 76, 77, 78, 79, 82, 83, 84, 85, 86, 87, 88, 89, 90, 93, 94, 95, 96, 97, 98, 99, 100, 103, 104, 105, 106, 107, 108, 111, 112, 113, 114, 115, 116, 117, 118, 119, 120, 123, 124, 125, 126, 127, 128, 129], "summary": {"covered_lines": 84, "num_statements": 84, "percent_covered": 100.0, "percent_covered_display": "100", "missing_lines": 0, "excluded_lines": 0}, "missing_lines": [], "excluded_lines": [], "functions": {"": {"executed_lines": [1, 7, 8, 9, 12, 13, 14, 15, 16, 19, 20, 21, 22, 23, 24, 25, 28, 29, 30, 31, 34, 35, 36, 37, 38, 41, 42, 43, 44, 45, 46, 47, 50, 51, 52, 53, 54, 55, 56, 59, 60, 61, 62, 63, 64, 65, 66, 67, 68, 71, 72, 73, 74, 75, 76, 77, 78, 79, 82, 83, 84, 85, 86, 87, 88, 89, 90, 93, 94, 95, 96, 97, 98, 99, 100, 103, 104, 105, 106, 107, 108, 111, 112, 113, 114, 115, 116, 117, 118, 119, 120, 123, 124, 125, 126, 127, 128, 129], "summary": {"covered_lines": 84, "num_statements": 84, "percent_covered": 100.0, "percent_covered_display": "100", "missing_lines": 0, "excluded_lines": 0}, "missing_lines": [], "excluded_lines": []}}, "classes": {"ErrorResponse": {"executed_lines": [], "summary": {"covered_lines": 0, "num_statements": 0, "percent_covered": 100.0, "percent_covered_display": "100", "missing_lines": 0, "excluded_lines": 0}, "missing_lines": [], "excluded_lines": []}, "ParseCaseInfo": {"executed_lines": [], "summary": {"covered_lines": 0, "num_statements": 0, "percent_covered": 100.0, "percent_covered_display": "100", "missing_lines": 0, "excluded_lines": 0}, "missing_lines": [], "excluded_lines": []}, "ParseCaseListResponse": {"executed_lines": [], "summary": {"covered_lines": 0, "num_statements": 0, "percent_covered": 100.0, "percent_covered_display": "100", "missing_lines": 0, "excluded_lines": 0}, "missing_lines": [], "excluded_lines": []}, "ParseCaseStatsResponse": {"executed_lines": [], "summary": {"covered_lines": 0, "num_statements": 0, "percent_covered": 100.0, "percent_covered_display": "100", "missing_lines": 0, "excluded_lines": 0}, "missing_lines": [], "excluded_lines": []}, "StructureAnalysis": {"executed_lines": [], "summary": {"covered_lines": 0, "num_statements": 0, "percent_covered": 100.0, "percent_covered_display": "100", "missing_lines": 0, "excluded_lines": 0}, "missing_lines": [], "excluded_lines": []}, "DetectResponse": {"executed_lines": [], "summary": {"covered_lines": 0, "num_statements": 0, "percent_covered": 100.0, "percent_covered_display": "100", "missing_lines": 0, "excluded_lines": 0}, "missing_lines": [], "excluded_lines": []}, "ParseResponse": {"executed_lines": [], "summary": {"covered_lines": 0, "num_statements": 0, "percent_covered": 100.0, "percent_covered_display": "100", "missing_lines": 0, "excluded_lines": 0}, "missing_lines": [], "excluded_lines": []}, "DocumentResponse": {"executed_lines": [], "summary": {"covered_lines": 0, "num_statements": 0, "percent_covered": 100.0, "percent_covered_display": "100", "missing_lines": 0, "excluded_lines": 0}, "missing_lines": [], "excluded_lines": []}, "KeywordResponse": {"executed_lines": [], "summary": {"covered_lines": 0, "num_statements": 0, "percent_covered": 100.0, "percent_covered_display": "100", "missing_lines": 0, "excluded_lines": 0}, "missing_lines": [], "excluded_lines": []}, "ExportResponse": {"executed_lines": [], "summary": {"covered_lines": 0, "num_statements": 0, "percent_covered": 100.0, "percent_covered_display": "100", "missing_lines": 0, "excluded_lines": 0}, "missing_lines": [], "excluded_lines": []}, "AnalyticsResponse": {"executed_lines": [], "summary": {"covered_lines": 0, "num_statements": 0, "percent_covered": 100.0, "percent_covered_display": "100", "missing_lines": 0, "excluded_lines": 0}, "missing_lines": [], "excluded_lines": []}, "BatchJobResponse": {"executed_lines": [], "summary": {"covered_lines": 0, "num_statements": 0, "percent_covered": 100.0, "percent_covered_display": "100", "missing_lines": 0, "excluded_lines": 0}, "missing_lines": [], "excluded_lines": []}, "ViewDataResponse": {"executed_lines": [], "summary": {"covered_lines": 0, "num_statements": 0, "percent_covered": 100.0, "percent_covered_display": "100", "missing_lines": 0, "excluded_lines": 0}, "missing_lines": [], "excluded_lines": []}, "": {"executed_lines": [1, 7, 8, 9, 12, 13, 14, 15, 16, 19, 20, 21, 22, 23, 24, 25, 28, 29, 30, 31, 34, 35, 36, 37, 38, 41, 42, 43, 44, 45, 46, 47, 50, 51, 52, 53, 54, 55, 56, 59, 60, 61, 62, 63, 64, 65, 66, 67, 68, 71, 72, 73, 74, 75, 76, 77, 78, 79, 82, 83, 84, 85, 86, 87, 88, 89, 90, 93, 94, 95, 96, 97, 98, 99, 100, 103, 104, 105, 106, 107, 108, 111, 112, 113, 114, 115, 116, 117, 118, 119, 120, 123, 124, 125, 126, 127, 128, 129], "summary": {"covered_lines": 84, "num_statements": 84, "percent_covered": 100.0, "percent_covered_display": "100", "missing_lines": 0, "excluded_lines": 0}, "missing_lines": [], "excluded_lines": []}}}, "src/maps/api/routers/__init__.py": {"executed_lines": [1, 7, 22], "summary": {"covered_lines": 2, "num_statements": 2, "percent_covered": 100.0, "percent_covered_display": "100", "missing_lines": 0, "excluded_lines": 0}, "missing_lines": [], "excluded_lines": [], "functions": {"": {"executed_lines": [1, 7, 22], "summary": {"covered_lines": 2, "num_statements": 2, "percent_covered": 100.0, "percent_covered_display": "100", "missing_lines": 0, "excluded_lines": 0}, "missing_lines": [], "excluded_lines": []}}, "classes": {"": {"executed_lines": [1, 7, 22], "summary": {"covered_lines": 2, "num_statements": 2, "percent_covered": 100.0, "percent_covered_display": "100", "missing_lines": 0, "excluded_lines": 0}, "missing_lines": [], "excluded_lines": []}}}, "src/maps/api/routers/analytics.py": {"executed_lines": [1, 7, 8, 9, 11, 12, 13, 15, 16, 19, 20, 23, 36, 37, 43, 44, 46, 47, 50, 51, 53, 54, 57, 58, 64, 65, 71, 72, 78, 79, 92], "summary": {"covered_lines": 30, "num_statements": 38, "percent_covered": 78.94736842105263, "percent_covered_display": "79", "missing_lines": 8, "excluded_lines": 0}, "missing_lines": [39, 40, 60, 61, 67, 68, 74, 75], "excluded_lines": [], "functions": {"get_dashboard": {"executed_lines": [23], "summary": {"covered_lines": 1, "num_statements": 1, "percent_covered": 100.0, "percent_covered_display": "100", "missing_lines": 0, "excluded_lines": 0}, "missing_lines": [], "excluded_lines": []}, "get_summary": {"executed_lines": [], "summary": {"covered_lines": 0, "num_statements": 2, "percent_covered": 0.0, "percent_covered_display": "0", "missing_lines": 2, "excluded_lines": 0}, "missing_lines": [39, 40], "excluded_lines": []}, "get_parse_case_distribution": {"executed_lines": [46, 47], "summary": {"covered_lines": 2, "num_statements": 2, "percent_covered": 100.0, "percent_covered_display": "100", "missing_lines": 0, "excluded_lines": 0}, "missing_lines": [], "excluded_lines": []}, "get_keyword_stats": {"executed_lines": [53, 54], "summary": {"covered_lines": 2, "num_statements": 2, "percent_covered": 100.0, "percent_covered_display": "100", "missing_lines": 0, "excluded_lines": 0}, "missing_lines": [], "excluded_lines": []}, "get_inter_rater_reliability": {"executed_lines": [], "summary": {"covered_lines": 0, "num_statements": 2, "percent_covered": 0.0, "percent_covered_display": "0", "missing_lines": 2, "excluded_lines": 0}, "missing_lines": [60, 61], "excluded_lines": []}, "get_data_completeness": {"executed_lines": [], "summary": {"covered_lines": 0, "num_statements": 2, "percent_covered": 0.0, "percent_covered_display": "0", "missing_lines": 2, "excluded_lines": 0}, "missing_lines": [67, 68], "excluded_lines": []}, "get_case_identifier_stats": {"executed_lines": [], "summary": {"covered_lines": 0, "num_statements": 2, "percent_covered": 0.0, "percent_covered_display": "0", "missing_lines": 2, "excluded_lines": 0}, "missing_lines": [74, 75], "excluded_lines": []}, "get_processing_trends": {"executed_lines": [92], "summary": {"covered_lines": 1, "num_statements": 1, "percent_covered": 100.0, "percent_covered_display": "100", "missing_lines": 0, "excluded_lines": 0}, "missing_lines": [], "excluded_lines": []}, "": {"executed_lines": [1, 7, 8, 9, 11, 12, 13, 15, 16, 19, 20, 36, 37, 43, 44, 50, 51, 57, 58, 64, 65, 71, 72, 78, 79], "summary": {"covered_lines": 24, "num_statements": 24, "percent_covered": 100.0, "percent_covered_display": "100", "missing_lines": 0, "excluded_lines": 0}, "missing_lines": [], "excluded_lines": []}}, "classes": {"": {"executed_lines": [1, 7, 8, 9, 11, 12, 13, 15, 16, 19, 20, 23, 36, 37, 43, 44, 46, 47, 50, 51, 53, 54, 57, 58, 64, 65, 71, 72, 78, 79, 92], "summary": {"covered_lines": 30, "num_statements": 38, "percent_covered": 78.94736842105263, "percent_covered_display": "79", "missing_lines": 8, "excluded_lines": 0}, "missing_lines": [39, 40, 60, 61, 67, 68, 74, 75], "excluded_lines": []}}}, "src/maps/api/routers/approval_queue.py": {"executed_lines": [1, 7, 8, 9, 10, 11, 12, 14, 16, 17, 20, 23, 24, 25, 26, 27, 28, 29, 30, 31, 32, 33, 34, 35, 37, 40, 41, 42, 43, 44, 45, 48, 49, 50, 51, 52, 53, 54, 55, 56, 60, 61, 64, 65, 95, 96, 133, 134, 154, 155, 207, 208, 248, 249, 274, 275, 320, 321, 363], "summary": {"covered_lines": 55, "num_statements": 134, "percent_covered": 41.04477611940298, "percent_covered_display": "41", "missing_lines": 79, "excluded_lines": 0}, "missing_lines": [72, 73, 74, 76, 77, 79, 80, 82, 84, 114, 117, 118, 119, 120, 121, 122, 125, 126, 128, 130, 147, 148, 149, 151, 174, 175, 176, 177, 178, 180, 181, 183, 184, 190, 191, 192, 193, 196, 197, 199, 204, 223, 224, 225, 226, 227, 229, 230, 232, 233, 241, 262, 263, 264, 265, 266, 271, 291, 292, 293, 294, 298, 299, 304, 305, 311, 312, 341, 349, 350, 356, 388, 389, 390, 393, 394, 406, 407, 409], "excluded_lines": [], "functions": {"get_queue_stats": {"executed_lines": [], "summary": {"covered_lines": 0, "num_statements": 9, "percent_covered": 0.0, "percent_covered_display": "0", "missing_lines": 9, "excluded_lines": 0}, "missing_lines": [72, 73, 74, 76, 77, 79, 80, 82, 84], "excluded_lines": []}, "list_queue_items": {"executed_lines": [], "summary": {"covered_lines": 0, "num_statements": 11, "percent_covered": 0.0, "percent_covered_display": "0", "missing_lines": 11, "excluded_lines": 0}, "missing_lines": [114, 117, 118, 119, 120, 121, 122, 125, 126, 128, 130], "excluded_lines": []}, "get_queue_item": {"executed_lines": [], "summary": {"covered_lines": 0, "num_statements": 4, "percent_covered": 0.0, "percent_covered_display": "0", "missing_lines": 4, "excluded_lines": 0}, "missing_lines": [147, 148, 149, 151], "excluded_lines": []}, "review_queue_item": {"executed_lines": [], "summary": {"covered_lines": 0, "num_statements": 17, "percent_covered": 0.0, "percent_covered_display": "0", "missing_lines": 17, "excluded_lines": 0}, "missing_lines": [174, 175, 176, 177, 178, 180, 181, 183, 184, 190, 191, 192, 193, 196, 197, 199, 204], "excluded_lines": []}, "reprocess_item": {"executed_lines": [], "summary": {"covered_lines": 0, "num_statements": 10, "percent_covered": 0.0, "percent_covered_display": "0", "missing_lines": 10, "excluded_lines": 0}, "missing_lines": [223, 224, 225, 226, 227, 229, 230, 232, 233, 241], "excluded_lines": []}, "delete_queue_item": {"executed_lines": [], "summary": {"covered_lines": 0, "num_statements": 6, "percent_covered": 0.0, "percent_covered_display": "0", "missing_lines": 6, "excluded_lines": 0}, "missing_lines": [262, 263, 264, 265, 266, 271], "excluded_lines": []}, "batch_review": {"executed_lines": [], "summary": {"covered_lines": 0, "num_statements": 10, "percent_covered": 0.0, "percent_covered_display": "0", "missing_lines": 10, "excluded_lines": 0}, "missing_lines": [291, 292, 293, 294, 298, 299, 304, 305, 311, 312], "excluded_lines": []}, "add_test_item": {"executed_lines": [], "summary": {"covered_lines": 0, "num_statements": 4, "percent_covered": 0.0, "percent_covered_display": "0", "missing_lines": 4, "excluded_lines": 0}, "missing_lines": [341, 349, 350, 356], "excluded_lines": []}, "add_to_queue": {"executed_lines": [], "summary": {"covered_lines": 0, "num_statements": 8, "percent_covered": 0.0, "percent_covered_display": "0", "missing_lines": 8, "excluded_lines": 0}, "missing_lines": [388, 389, 390, 393, 394, 406, 407, 409], "excluded_lines": []}, "": {"executed_lines": [1, 7, 8, 9, 10, 11, 12, 14, 16, 17, 20, 23, 24, 25, 26, 27, 28, 29, 30, 31, 32, 33, 34, 35, 37, 40, 41, 42, 43, 44, 45, 48, 49, 50, 51, 52, 53, 54, 55, 56, 60, 61, 64, 65, 95, 96, 133, 134, 154, 155, 207, 208, 248, 249, 274, 275, 320, 321, 363], "summary": {"covered_lines": 55, "num_statements": 55, "percent_covered": 100.0, "percent_covered_display": "100", "missing_lines": 0, "excluded_lines": 0}, "missing_lines": [], "excluded_lines": []}}, "classes": {"QueueItem": {"executed_lines": [], "summary": {"covered_lines": 0, "num_statements": 0, "percent_covered": 100.0, "percent_covered_display": "100", "missing_lines": 0, "excluded_lines": 0}, "missing_lines": [], "excluded_lines": []}, "ApprovalRequest": {"executed_lines": [], "summary": {"covered_lines": 0, "num_statements": 0, "percent_covered": 100.0, "percent_covered_display": "100", "missing_lines": 0, "excluded_lines": 0}, "missing_lines": [], "excluded_lines": []}, "QueueStats": {"executed_lines": [], "summary": {"covered_lines": 0, "num_statements": 0, "percent_covered": 100.0, "percent_covered_display": "100", "missing_lines": 0, "excluded_lines": 0}, "missing_lines": [], "excluded_lines": []}, "": {"executed_lines": [1, 7, 8, 9, 10, 11, 12, 14, 16, 17, 20, 23, 24, 25, 26, 27, 28, 29, 30, 31, 32, 33, 34, 35, 37, 40, 41, 42, 43, 44, 45, 48, 49, 50, 51, 52, 53, 54, 55, 56, 60, 61, 64, 65, 95, 96, 133, 134, 154, 155, 207, 208, 248, 249, 274, 275, 320, 321, 363], "summary": {"covered_lines": 55, "num_statements": 134, "percent_covered": 41.04477611940298, "percent_covered_display": "41", "missing_lines": 79, "excluded_lines": 0}, "missing_lines": [72, 73, 74, 76, 77, 79, 80, 82, 84, 114, 117, 118, 119, 120, 121, 122, 125, 126, 128, 130, 147, 148, 149, 151, 174, 175, 176, 177, 178, 180, 181, 183, 184, 190, 191, 192, 193, 196, 197, 199, 204, 223, 224, 225, 226, 227, 229, 230, 232, 233, 241, 262, 263, 264, 265, 266, 271, 291, 292, 293, 294, 298, 299, 304, 305, 311, 312, 341, 349, 350, 356, 388, 389, 390, 393, 394, 406, 407, 409], "excluded_lines": []}}}, "src/maps/api/routers/batch.py": {"executed_lines": [1, 7, 8, 9, 10, 11, 12, 13, 14, 16, 17, 18, 20, 21, 24, 25, 35, 36, 43, 44, 45, 47, 56, 57, 66, 67, 73, 74, 83, 84, 149, 150], "summary": {"covered_lines": 31, "num_statements": 87, "percent_covered": 35.632183908045974, "percent_covered_display": "36", "missing_lines": 56, "excluded_lines": 0}, "missing_lines": [31, 32, 59, 60, 61, 62, 63, 69, 70, 76, 77, 78, 79, 80, 89, 90, 92, 95, 96, 98, 99, 100, 102, 103, 109, 112, 127, 128, 134, 137, 140, 142, 143, 144, 145, 146, 155, 156, 159, 160, 161, 162, 164, 165, 166, 169, 179, 182, 183, 185, 186, 187, 188, 190, 192, 194], "excluded_lines": [], "functions": {"create_batch_job": {"executed_lines": [], "summary": {"covered_lines": 0, "num_statements": 2, "percent_covered": 0.0, "percent_covered_display": "0", "missing_lines": 2, "excluded_lines": 0}, "missing_lines": [31, 32], "excluded_lines": []}, "list_jobs": {"executed_lines": [43, 44, 45, 47], "summary": {"covered_lines": 4, "num_statements": 4, "percent_covered": 100.0, "percent_covered_display": "100", "missing_lines": 0, "excluded_lines": 0}, "missing_lines": [], "excluded_lines": []}, "get_batch_status": {"executed_lines": [], "summary": {"covered_lines": 0, "num_statements": 5, "percent_covered": 0.0, "percent_covered_display": "0", "missing_lines": 5, "excluded_lines": 0}, "missing_lines": [59, 60, 61, 62, 63], "excluded_lines": []}, "get_batch_results": {"executed_lines": [], "summary": {"covered_lines": 0, "num_statements": 2, "percent_covered": 0.0, "percent_covered_display": "0", "missing_lines": 2, "excluded_lines": 0}, "missing_lines": [69, 70], "excluded_lines": []}, "cancel_batch_job": {"executed_lines": [], "summary": {"covered_lines": 0, "num_statements": 5, "percent_covered": 0.0, "percent_covered_display": "0", "missing_lines": 5, "excluded_lines": 0}, "missing_lines": [76, 77, 78, 79, 80], "excluded_lines": []}, "job_progress_websocket": {"executed_lines": [], "summary": {"covered_lines": 0, "num_statements": 22, "percent_covered": 0.0, "percent_covered_display": "0", "missing_lines": 22, "excluded_lines": 0}, "missing_lines": [89, 90, 92, 95, 96, 98, 99, 100, 102, 103, 109, 112, 127, 128, 134, 137, 140, 142, 143, 144, 145, 146], "excluded_lines": []}, "job_progress_sse": {"executed_lines": [], "summary": {"covered_lines": 0, "num_statements": 2, "percent_covered": 0.0, "percent_covered_display": "0", "missing_lines": 2, "excluded_lines": 0}, "missing_lines": [155, 194], "excluded_lines": []}, "job_progress_sse.event_generator": {"executed_lines": [], "summary": {"covered_lines": 0, "num_statements": 18, "percent_covered": 0.0, "percent_covered_display": "0", "missing_lines": 18, "excluded_lines": 0}, "missing_lines": [156, 159, 160, 161, 162, 164, 165, 166, 169, 179, 182, 183, 185, 186, 187, 188, 190, 192], "excluded_lines": []}, "": {"executed_lines": [1, 7, 8, 9, 10, 11, 12, 13, 14, 16, 17, 18, 20, 21, 24, 25, 35, 36, 56, 57, 66, 67, 73, 74, 83, 84, 149, 150], "summary": {"covered_lines": 27, "num_statements": 27, "percent_covered": 100.0, "percent_covered_display": "100", "missing_lines": 0, "excluded_lines": 0}, "missing_lines": [], "excluded_lines": []}}, "classes": {"": {"executed_lines": [1, 7, 8, 9, 10, 11, 12, 13, 14, 16, 17, 18, 20, 21, 24, 25, 35, 36, 43, 44, 45, 47, 56, 57, 66, 67, 73, 74, 83, 84, 149, 150], "summary": {"covered_lines": 31, "num_statements": 87, "percent_covered": 35.632183908045974, "percent_covered_display": "36", "missing_lines": 56, "excluded_lines": 0}, "missing_lines": [31, 32, 59, 60, 61, 62, 63, 69, 70, 76, 77, 78, 79, 80, 89, 90, 92, 95, 96, 98, 99, 100, 102, 103, 109, 112, 127, 128, 134, 137, 140, 142, 143, 144, 145, 146, 155, 156, 159, 160, 161, 162, 164, 165, 166, 169, 179, 182, 183, 185, 186, 187, 188, 190, 192, 194], "excluded_lines": []}}}, "src/maps/api/routers/database.py": {"executed_lines": [1, 7, 8, 9, 11, 12, 14, 15, 18, 19, 30, 31, 42, 43, 49, 50], "summary": {"covered_lines": 15, "num_statements": 38, "percent_covered": 39.473684210526315, "percent_covered_display": "39", "missing_lines": 23, "excluded_lines": 0}, "missing_lines": [21, 22, 23, 24, 25, 26, 27, 33, 34, 35, 36, 37, 38, 39, 45, 46, 52, 53, 54, 55, 56, 57, 58], "excluded_lines": [], "functions": {"refresh_views": {"executed_lines": [], "summary": {"covered_lines": 0, "num_statements": 7, "percent_covered": 0.0, "percent_covered_display": "0", "missing_lines": 7, "excluded_lines": 0}, "missing_lines": [21, 22, 23, 24, 25, 26, 27], "excluded_lines": []}, "backfill_keywords": {"executed_lines": [], "summary": {"covered_lines": 0, "num_statements": 7, "percent_covered": 0.0, "percent_covered_display": "0", "missing_lines": 7, "excluded_lines": 0}, "missing_lines": [33, 34, 35, 36, 37, 38, 39], "excluded_lines": []}, "get_database_statistics": {"executed_lines": [], "summary": {"covered_lines": 0, "num_statements": 2, "percent_covered": 0.0, "percent_covered_display": "0", "missing_lines": 2, "excluded_lines": 0}, "missing_lines": [45, 46], "excluded_lines": []}, "vacuum_database": {"executed_lines": [], "summary": {"covered_lines": 0, "num_statements": 7, "percent_covered": 0.0, "percent_covered_display": "0", "missing_lines": 7, "excluded_lines": 0}, "missing_lines": [52, 53, 54, 55, 56, 57, 58], "excluded_lines": []}, "": {"executed_lines": [1, 7, 8, 9, 11, 12, 14, 15, 18, 19, 30, 31, 42, 43, 49, 50], "summary": {"covered_lines": 15, "num_statements": 15, "percent_covered": 100.0, "percent_covered_display": "100", "missing_lines": 0, "excluded_lines": 0}, "missing_lines": [], "excluded_lines": []}}, "classes": {"": {"executed_lines": [1, 7, 8, 9, 11, 12, 14, 15, 18, 19, 30, 31, 42, 43, 49, 50], "summary": {"covered_lines": 15, "num_statements": 38, "percent_covered": 39.473684210526315, "percent_covered_display": "39", "missing_lines": 23, "excluded_lines": 0}, "missing_lines": [21, 22, 23, 24, 25, 26, 27, 33, 34, 35, 36, 37, 38, 39, 45, 46, 52, 53, 54, 55, 56, 57, 58], "excluded_lines": []}}}, "src/maps/api/routers/detection_details.py": {"executed_lines": [1, 7, 8, 9, 10, 11, 12, 14, 15, 16, 23, 24, 27, 28, 29, 30, 31, 32, 33, 34, 35, 36, 37, 38, 39, 40, 41, 42, 45, 46, 47, 48, 49, 50, 51, 52, 53, 56, 57, 87, 88, 117, 118, 128, 129, 162, 163, 211, 212, 232, 233], "summary": {"covered_lines": 48, "num_statements": 79, "percent_covered": 60.75949367088607, "percent_covered_display": "61", "missing_lines": 31, "excluded_lines": 0}, "missing_lines": [74, 78, 79, 84, 104, 108, 109, 114, 125, 142, 143, 148, 149, 151, 170, 172, 174, 175, 182, 183, 186, 187, 189, 190, 191, 197, 203, 225, 229, 248, 252], "excluded_lines": [], "functions": {"get_detection_by_queue_item": {"executed_lines": [], "summary": {"covered_lines": 0, "num_statements": 4, "percent_covered": 0.0, "percent_covered_display": "0", "missing_lines": 4, "excluded_lines": 0}, "missing_lines": [74, 78, 79, 84], "excluded_lines": []}, "get_detection_by_document": {"executed_lines": [], "summary": {"covered_lines": 0, "num_statements": 4, "percent_covered": 0.0, "percent_covered_display": "0", "missing_lines": 4, "excluded_lines": 0}, "missing_lines": [104, 108, 109, 114], "excluded_lines": []}, "list_parse_cases": {"executed_lines": [], "summary": {"covered_lines": 0, "num_statements": 1, "percent_covered": 0.0, "percent_covered_display": "0", "missing_lines": 1, "excluded_lines": 0}, "missing_lines": [125], "excluded_lines": []}, "get_parse_case_schema": {"executed_lines": [], "summary": {"covered_lines": 0, "num_statements": 5, "percent_covered": 0.0, "percent_covered_display": "0", "missing_lines": 5, "excluded_lines": 0}, "missing_lines": [142, 143, 148, 149, 151], "excluded_lines": []}, "get_detection_stats": {"executed_lines": [], "summary": {"covered_lines": 0, "num_statements": 13, "percent_covered": 0.0, "percent_covered_display": "0", "missing_lines": 13, "excluded_lines": 0}, "missing_lines": [170, 172, 174, 175, 182, 183, 186, 187, 189, 190, 191, 197, 203], "excluded_lines": []}, "list_recent_detections": {"executed_lines": [], "summary": {"covered_lines": 0, "num_statements": 2, "percent_covered": 0.0, "percent_covered_display": "0", "missing_lines": 2, "excluded_lines": 0}, "missing_lines": [225, 229], "excluded_lines": []}, "list_low_confidence_detections": {"executed_lines": [], "summary": {"covered_lines": 0, "num_statements": 2, "percent_covered": 0.0, "percent_covered_display": "0", "missing_lines": 2, "excluded_lines": 0}, "missing_lines": [248, 252], "excluded_lines": []}, "": {"executed_lines": [1, 7, 8, 9, 10, 11, 12, 14, 15, 16, 23, 24, 27, 28, 29, 30, 31, 32, 33, 34, 35, 36, 37, 38, 39, 40, 41, 42, 45, 46, 47, 48, 49, 50, 51, 52, 53, 56, 57, 87, 88, 117, 118, 128, 129, 162, 163, 211, 212, 232, 233], "summary": {"covered_lines": 48, "num_statements": 48, "percent_covered": 100.0, "percent_covered_display": "100", "missing_lines": 0, "excluded_lines": 0}, "missing_lines": [], "excluded_lines": []}}, "classes": {"DetectionDetailsResponse": {"executed_lines": [], "summary": {"covered_lines": 0, "num_statements": 0, "percent_covered": 100.0, "percent_covered_display": "100", "missing_lines": 0, "excluded_lines": 0}, "missing_lines": [], "excluded_lines": []}, "ParseCaseSchemaResponse": {"executed_lines": [], "summary": {"covered_lines": 0, "num_statements": 0, "percent_covered": 100.0, "percent_covered_display": "100", "missing_lines": 0, "excluded_lines": 0}, "missing_lines": [], "excluded_lines": []}, "": {"executed_lines": [1, 7, 8, 9, 10, 11, 12, 14, 15, 16, 23, 24, 27, 28, 29, 30, 31, 32, 33, 34, 35, 36, 37, 38, 39, 40, 41, 42, 45, 46, 47, 48, 49, 50, 51, 52, 53, 56, 57, 87, 88, 117, 118, 128, 129, 162, 163, 211, 212, 232, 233], "summary": {"covered_lines": 48, "num_statements": 79, "percent_covered": 60.75949367088607, "percent_covered_display": "61", "missing_lines": 31, "excluded_lines": 0}, "missing_lines": [74, 78, 79, 84, 104, 108, 109, 114, 125, 142, 143, 148, 149, 151, 170, 172, 174, 175, 182, 183, 186, 187, 189, 190, 191, 197, 203, 225, 229, 248, 252], "excluded_lines": []}}}, "src/maps/api/routers/documents.py": {"executed_lines": [1, 7, 8, 9, 10, 11, 12, 13, 14, 15, 16, 17, 19, 20, 21, 23, 24, 27, 28, 29, 30, 31, 32, 33, 34, 35, 36, 37, 38, 39, 40, 41, 42, 45, 46, 47, 48, 49, 50, 51, 52, 53, 54, 55, 56, 57, 58, 59, 60, 61, 62, 63, 64, 65, 68, 69, 151, 152, 189, 190, 244, 245, 278, 279, 323, 324, 391, 392], "summary": {"covered_lines": 65, "num_statements": 132, "percent_covered": 49.24242424242424, "percent_covered_display": "49", "missing_lines": 67, "excluded_lines": 0}, "missing_lines": [96, 99, 100, 102, 103, 105, 106, 108, 109, 116, 117, 119, 120, 123, 126, 129, 130, 131, 148, 159, 163, 168, 176, 181, 206, 208, 209, 212, 217, 221, 261, 263, 264, 267, 268, 270, 272, 299, 303, 310, 342, 344, 345, 347, 351, 352, 356, 364, 365, 368, 374, 384, 407, 409, 410, 412, 413, 414, 415, 419, 424, 431, 432, 435, 441, 442, 452], "excluded_lines": [], "functions": {"list_documents": {"executed_lines": [], "summary": {"covered_lines": 0, "num_statements": 19, "percent_covered": 0.0, "percent_covered_display": "0", "missing_lines": 19, "excluded_lines": 0}, "missing_lines": [96, 99, 100, 102, 103, 105, 106, 108, 109, 116, 117, 119, 120, 123, 126, 129, 130, 131, 148], "excluded_lines": []}, "get_documents_stats": {"executed_lines": [], "summary": {"covered_lines": 0, "num_statements": 5, "percent_covered": 0.0, "percent_covered_display": "0", "missing_lines": 5, "excluded_lines": 0}, "missing_lines": [159, 163, 168, 176, 181], "excluded_lines": []}, "get_document": {"executed_lines": [], "summary": {"covered_lines": 0, "num_statements": 6, "percent_covered": 0.0, "percent_covered_display": "0", "missing_lines": 6, "excluded_lines": 0}, "missing_lines": [206, 208, 209, 212, 217, 221], "excluded_lines": []}, "delete_document": {"executed_lines": [], "summary": {"covered_lines": 0, "num_statements": 7, "percent_covered": 0.0, "percent_covered_display": "0", "missing_lines": 7, "excluded_lines": 0}, "missing_lines": [261, 263, 264, 267, 268, 270, 272], "excluded_lines": []}, "search_documents": {"executed_lines": [], "summary": {"covered_lines": 0, "num_statements": 3, "percent_covered": 0.0, "percent_covered_display": "0", "missing_lines": 3, "excluded_lines": 0}, "missing_lines": [299, 303, 310], "excluded_lines": []}, "export_document": {"executed_lines": [], "summary": {"covered_lines": 0, "num_statements": 12, "percent_covered": 0.0, "percent_covered_display": "0", "missing_lines": 12, "excluded_lines": 0}, "missing_lines": [342, 344, 345, 347, 351, 352, 356, 364, 365, 368, 374, 384], "excluded_lines": []}, "batch_export_documents": {"executed_lines": [], "summary": {"covered_lines": 0, "num_statements": 15, "percent_covered": 0.0, "percent_covered_display": "0", "missing_lines": 15, "excluded_lines": 0}, "missing_lines": [407, 409, 410, 412, 413, 414, 415, 419, 424, 431, 432, 435, 441, 442, 452], "excluded_lines": []}, "": {"executed_lines": [1, 7, 8, 9, 10, 11, 12, 13, 14, 15, 16, 17, 19, 20, 21, 23, 24, 27, 28, 29, 30, 31, 32, 33, 34, 35, 36, 37, 38, 39, 40, 41, 42, 45, 46, 47, 48, 49, 50, 51, 52, 53, 54, 55, 56, 57, 58, 59, 60, 61, 62, 63, 64, 65, 68, 69, 151, 152, 189, 190, 244, 245, 278, 279, 323, 324, 391, 392], "summary": {"covered_lines": 65, "num_statements": 65, "percent_covered": 100.0, "percent_covered_display": "100", "missing_lines": 0, "excluded_lines": 0}, "missing_lines": [], "excluded_lines": []}}, "classes": {"DocumentSummary": {"executed_lines": [], "summary": {"covered_lines": 0, "num_statements": 0, "percent_covered": 100.0, "percent_covered_display": "100", "missing_lines": 0, "excluded_lines": 0}, "missing_lines": [], "excluded_lines": []}, "DocumentDetail": {"executed_lines": [], "summary": {"covered_lines": 0, "num_statements": 0, "percent_covered": 100.0, "percent_covered_display": "100", "missing_lines": 0, "excluded_lines": 0}, "missing_lines": [], "excluded_lines": []}, "": {"executed_lines": [1, 7, 8, 9, 10, 11, 12, 13, 14, 15, 16, 17, 19, 20, 21, 23, 24, 27, 28, 29, 30, 31, 32, 33, 34, 35, 36, 37, 38, 39, 40, 41, 42, 45, 46, 47, 48, 49, 50, 51, 52, 53, 54, 55, 56, 57, 58, 59, 60, 61, 62, 63, 64, 65, 68, 69, 151, 152, 189, 190, 244, 245, 278, 279, 323, 324, 391, 392], "summary": {"covered_lines": 65, "num_statements": 132, "percent_covered": 49.24242424242424, "percent_covered_display": "49", "missing_lines": 67, "excluded_lines": 0}, "missing_lines": [96, 99, 100, 102, 103, 105, 106, 108, 109, 116, 117, 119, 120, 123, 126, 129, 130, 131, 148, 159, 163, 168, 176, 181, 206, 208, 209, 212, 217, 221, 261, 263, 264, 267, 268, 270, 272, 299, 303, 310, 342, 344, 345, 347, 351, 352, 356, 364, 365, 368, 374, 384, 407, 409, 410, 412, 413, 414, 415, 419, 424, 431, 432, 435, 441, 442, 452], "excluded_lines": []}}}, "src/maps/api/routers/export.py": {"executed_lines": [1, 7, 8, 9, 10, 11, 13, 14, 15, 16, 18, 19, 22, 23, 29, 30, 33, 34, 35, 40, 44, 54, 55, 64, 65, 74, 75, 84, 85, 94, 95, 105, 106, 122, 123], "summary": {"covered_lines": 34, "num_statements": 48, "percent_covered": 70.83333333333333, "percent_covered_display": "71", "missing_lines": 14, "excluded_lines": 0}, "missing_lines": [60, 61, 70, 71, 80, 81, 90, 91, 101, 102, 111, 112, 129, 130], "excluded_lines": [], "functions": {"export_data": {"executed_lines": [29, 30, 33, 34, 35, 40, 44], "summary": {"covered_lines": 7, "num_statements": 7, "percent_covered": 100.0, "percent_covered_display": "100", "missing_lines": 0, "excluded_lines": 0}, "missing_lines": [], "excluded_lines": []}, "export_universal_wide": {"executed_lines": [], "summary": {"covered_lines": 0, "num_statements": 2, "percent_covered": 0.0, "percent_covered_display": "0", "missing_lines": 2, "excluded_lines": 0}, "missing_lines": [60, 61], "excluded_lines": []}, "export_lidc_analysis_ready": {"executed_lines": [], "summary": {"covered_lines": 0, "num_statements": 2, "percent_covered": 0.0, "percent_covered_display": "0", "missing_lines": 2, "excluded_lines": 0}, "missing_lines": [70, 71], "excluded_lines": []}, "export_lidc_with_links": {"executed_lines": [], "summary": {"covered_lines": 0, "num_statements": 2, "percent_covered": 0.0, "percent_covered_display": "0", "missing_lines": 2, "excluded_lines": 0}, "missing_lines": [80, 81], "excluded_lines": []}, "export_radiologist_data": {"executed_lines": [], "summary": {"covered_lines": 0, "num_statements": 2, "percent_covered": 0.0, "percent_covered_display": "0", "missing_lines": 2, "excluded_lines": 0}, "missing_lines": [90, 91], "excluded_lines": []}, "export_top_keywords": {"executed_lines": [], "summary": {"covered_lines": 0, "num_statements": 2, "percent_covered": 0.0, "percent_covered_display": "0", "missing_lines": 2, "excluded_lines": 0}, "missing_lines": [101, 102], "excluded_lines": []}, "export_custom": {"executed_lines": [], "summary": {"covered_lines": 0, "num_statements": 2, "percent_covered": 0.0, "percent_covered_display": "0", "missing_lines": 2, "excluded_lines": 0}, "missing_lines": [111, 112], "excluded_lines": []}, "export_any_view": {"executed_lines": [], "summary": {"covered_lines": 0, "num_statements": 2, "percent_covered": 0.0, "percent_covered_display": "0", "missing_lines": 2, "excluded_lines": 0}, "missing_lines": [129, 130], "excluded_lines": []}, "": {"executed_lines": [1, 7, 8, 9, 10, 11, 13, 14, 15, 16, 18, 19, 22, 23, 54, 55, 64, 65, 74, 75, 84, 85, 94, 95, 105, 106, 122, 123], "summary": {"covered_lines": 27, "num_statements": 27, "percent_covered": 100.0, "percent_covered_display": "100", "missing_lines": 0, "excluded_lines": 0}, "missing_lines": [], "excluded_lines": []}}, "classes": {"": {"executed_lines": [1, 7, 8, 9, 10, 11, 13, 14, 15, 16, 18, 19, 22, 23, 29, 30, 33, 34, 35, 40, 44, 54, 55, 64, 65, 74, 75, 84, 85, 94, 95, 105, 106, 122, 123], "summary": {"covered_lines": 34, "num_statements": 48, "percent_covered": 70.83333333333333, "percent_covered_display": "71", "missing_lines": 14, "excluded_lines": 0}, "missing_lines": [60, 61, 70, 71, 80, 81, 90, 91, 101, 102, 111, 112, 129, 130], "excluded_lines": []}}}, "src/maps/api/routers/keywords.py": {"executed_lines": [1, 7, 8, 9, 10, 11, 13, 14, 15, 17, 18, 21, 22, 23, 24, 25, 28, 29, 30, 31, 34, 35, 46, 47, 49, 50, 53, 54, 60, 61, 64, 65, 74, 75, 81, 82, 88, 89, 95, 96, 105, 106, 118, 119, 132, 133, 142, 143], "summary": {"covered_lines": 45, "num_statements": 80, "percent_covered": 56.25, "percent_covered_display": "56", "missing_lines": 35, "excluded_lines": 0}, "missing_lines": [42, 43, 67, 68, 69, 70, 71, 77, 78, 84, 85, 91, 92, 101, 102, 111, 112, 113, 114, 115, 125, 126, 127, 128, 129, 135, 136, 137, 138, 139, 149, 150, 151, 152, 153], "excluded_lines": [], "functions": {"list_keywords": {"executed_lines": [], "summary": {"covered_lines": 0, "num_statements": 2, "percent_covered": 0.0, "percent_covered_display": "0", "missing_lines": 2, "excluded_lines": 0}, "missing_lines": [42, 43], "excluded_lines": []}, "get_keyword_directory": {"executed_lines": [49, 50], "summary": {"covered_lines": 2, "num_statements": 2, "percent_covered": 100.0, "percent_covered_display": "100", "missing_lines": 0, "excluded_lines": 0}, "missing_lines": [], "excluded_lines": []}, "search_keywords": {"executed_lines": [60, 61], "summary": {"covered_lines": 2, "num_statements": 2, "percent_covered": 100.0, "percent_covered_display": "100", "missing_lines": 0, "excluded_lines": 0}, "missing_lines": [], "excluded_lines": []}, "get_keyword": {"executed_lines": [], "summary": {"covered_lines": 0, "num_statements": 5, "percent_covered": 0.0, "percent_covered_display": "0", "missing_lines": 5, "excluded_lines": 0}, "missing_lines": [67, 68, 69, 70, 71], "excluded_lines": []}, "get_keyword_occurrences": {"executed_lines": [], "summary": {"covered_lines": 0, "num_statements": 2, "percent_covered": 0.0, "percent_covered_display": "0", "missing_lines": 2, "excluded_lines": 0}, "missing_lines": [77, 78], "excluded_lines": []}, "list_categories": {"executed_lines": [], "summary": {"covered_lines": 0, "num_statements": 2, "percent_covered": 0.0, "percent_covered_display": "0", "missing_lines": 2, "excluded_lines": 0}, "missing_lines": [84, 85], "excluded_lines": []}, "list_tags": {"executed_lines": [], "summary": {"covered_lines": 0, "num_statements": 2, "percent_covered": 0.0, "percent_covered_display": "0", "missing_lines": 2, "excluded_lines": 0}, "missing_lines": [91, 92], "excluded_lines": []}, "extract_keywords": {"executed_lines": [], "summary": {"covered_lines": 0, "num_statements": 2, "percent_covered": 0.0, "percent_covered_display": "0", "missing_lines": 2, "excluded_lines": 0}, "missing_lines": [101, 102], "excluded_lines": []}, "import_keyword_definitions": {"executed_lines": [], "summary": {"covered_lines": 0, "num_statements": 5, "percent_covered": 0.0, "percent_covered_display": "0", "missing_lines": 5, "excluded_lines": 0}, "missing_lines": [111, 112, 113, 114, 115], "excluded_lines": []}, "update_keyword_definition": {"executed_lines": [], "summary": {"covered_lines": 0, "num_statements": 5, "percent_covered": 0.0, "percent_covered_display": "0", "missing_lines": 5, "excluded_lines": 0}, "missing_lines": [125, 126, 127, 128, 129], "excluded_lines": []}, "get_keyword_citations": {"executed_lines": [], "summary": {"covered_lines": 0, "num_statements": 5, "percent_covered": 0.0, "percent_covered_display": "0", "missing_lines": 5, "excluded_lines": 0}, "missing_lines": [135, 136, 137, 138, 139], "excluded_lines": []}, "add_keyword_alias": {"executed_lines": [], "summary": {"covered_lines": 0, "num_statements": 5, "percent_covered": 0.0, "percent_covered_display": "0", "missing_lines": 5, "excluded_lines": 0}, "missing_lines": [149, 150, 151, 152, 153], "excluded_lines": []}, "": {"executed_lines": [1, 7, 8, 9, 10, 11, 13, 14, 15, 17, 18, 21, 22, 23, 24, 25, 28, 29, 30, 31, 34, 35, 46, 47, 53, 54, 64, 65, 74, 75, 81, 82, 88, 89, 95, 96, 105, 106, 118, 119, 132, 133, 142, 143], "summary": {"covered_lines": 41, "num_statements": 41, "percent_covered": 100.0, "percent_covered_display": "100", "missing_lines": 0, "excluded_lines": 0}, "missing_lines": [], "excluded_lines": []}}, "classes": {"KeywordDefinitionUpdate": {"executed_lines": [], "summary": {"covered_lines": 0, "num_statements": 0, "percent_covered": 100.0, "percent_covered_display": "100", "missing_lines": 0, "excluded_lines": 0}, "missing_lines": [], "excluded_lines": []}, "KeywordAliasCreate": {"executed_lines": [], "summary": {"covered_lines": 0, "num_statements": 0, "percent_covered": 100.0, "percent_covered_display": "100", "missing_lines": 0, "excluded_lines": 0}, "missing_lines": [], "excluded_lines": []}, "": {"executed_lines": [1, 7, 8, 9, 10, 11, 13, 14, 15, 17, 18, 21, 22, 23, 24, 25, 28, 29, 30, 31, 34, 35, 46, 47, 49, 50, 53, 54, 60, 61, 64, 65, 74, 75, 81, 82, 88, 89, 95, 96, 105, 106, 118, 119, 132, 133, 142, 143], "summary": {"covered_lines": 45, "num_statements": 80, "percent_covered": 56.25, "percent_covered_display": "56", "missing_lines": 35, "excluded_lines": 0}, "missing_lines": [42, 43, 67, 68, 69, 70, 71, 77, 78, 84, 85, 91, 92, 101, 102, 111, 112, 113, 114, 115, 125, 126, 127, 128, 129, 135, 136, 137, 138, 139, 149, 150, 151, 152, 153], "excluded_lines": []}}}, "src/maps/api/routers/parse.py": {"executed_lines": [1, 7, 8, 9, 10, 12, 13, 14, 15, 17, 18, 21, 22, 60, 61, 96, 97, 113, 115, 117, 125, 135, 136, 168, 169, 214, 215, 246, 247], "summary": {"covered_lines": 28, "num_statements": 82, "percent_covered": 34.146341463414636, "percent_covered_display": "34", "missing_lines": 54, "excluded_lines": 0}, "missing_lines": [38, 39, 41, 43, 44, 45, 54, 55, 56, 57, 77, 78, 80, 82, 83, 84, 90, 91, 92, 93, 130, 131, 132, 152, 154, 155, 162, 163, 164, 165, 183, 185, 186, 188, 189, 198, 199, 206, 208, 209, 210, 211, 229, 230, 232, 234, 235, 236, 240, 241, 242, 243, 254, 255], "excluded_lines": [], "functions": {"parse_xml": {"executed_lines": [], "summary": {"covered_lines": 0, "num_statements": 10, "percent_covered": 0.0, "percent_covered_display": "0", "missing_lines": 10, "excluded_lines": 0}, "missing_lines": [38, 39, 41, 43, 44, 45, 54, 55, 56, 57], "excluded_lines": []}, "parse_pdf": {"executed_lines": [], "summary": {"covered_lines": 0, "num_statements": 10, "percent_covered": 0.0, "percent_covered_display": "0", "missing_lines": 10, "excluded_lines": 0}, "missing_lines": [77, 78, 80, 82, 83, 84, 90, 91, 92, 93], "excluded_lines": []}, "upload_files": {"executed_lines": [113, 115, 117, 125], "summary": {"covered_lines": 4, "num_statements": 7, "percent_covered": 57.142857142857146, "percent_covered_display": "57", "missing_lines": 3, "excluded_lines": 0}, "missing_lines": [130, 131, 132], "excluded_lines": []}, "parse_batch": {"executed_lines": [], "summary": {"covered_lines": 0, "num_statements": 7, "percent_covered": 0.0, "percent_covered_display": "0", "missing_lines": 7, "excluded_lines": 0}, "missing_lines": [152, 154, 155, 162, 163, 164, 165], "excluded_lines": []}, "parse_preview": {"executed_lines": [], "summary": {"covered_lines": 0, "num_statements": 12, "percent_covered": 0.0, "percent_covered_display": "0", "missing_lines": 12, "excluded_lines": 0}, "missing_lines": [183, 185, 186, 188, 189, 198, 199, 206, 208, 209, 210, 211], "excluded_lines": []}, "extract_and_parse_zip": {"executed_lines": [], "summary": {"covered_lines": 0, "num_statements": 10, "percent_covered": 0.0, "percent_covered_display": "0", "missing_lines": 10, "excluded_lines": 0}, "missing_lines": [229, 230, 232, 234, 235, 236, 240, 241, 242, 243], "excluded_lines": []}, "list_profiles": {"executed_lines": [], "summary": {"covered_lines": 0, "num_statements": 2, "percent_covered": 0.0, "percent_covered_display": "0", "missing_lines": 2, "excluded_lines": 0}, "missing_lines": [254, 255], "excluded_lines": []}, "": {"executed_lines": [1, 7, 8, 9, 10, 12, 13, 14, 15, 17, 18, 21, 22, 60, 61, 96, 97, 135, 136, 168, 169, 214, 215, 246, 247], "summary": {"covered_lines": 24, "num_statements": 24, "percent_covered": 100.0, "percent_covered_display": "100", "missing_lines": 0, "excluded_lines": 0}, "missing_lines": [], "excluded_lines": []}}, "classes": {"": {"executed_lines": [1, 7, 8, 9, 10, 12, 13, 14, 15, 17, 18, 21, 22, 60, 61, 96, 97, 113, 115, 117, 125, 135, 136, 168, 169, 214, 215, 246, 247], "summary": {"covered_lines": 28, "num_statements": 82, "percent_covered": 34.146341463414636, "percent_covered_display": "34", "missing_lines": 54, "excluded_lines": 0}, "missing_lines": [38, 39, 41, 43, 44, 45, 54, 55, 56, 57, 77, 78, 80, 82, 83, 84, 90, 91, 92, 93, 130, 131, 132, 152, 154, 155, 162, 163, 164, 165, 183, 185, 186, 188, 189, 198, 199, 206, 208, 209, 210, 211, 229, 230, 232, 234, 235, 236, 240, 241, 242, 243, 254, 255], "excluded_lines": []}}}, "src/maps/api/routers/parse_cases.py": {"executed_lines": [1, 7, 8, 9, 10, 12, 13, 20, 21, 23, 24, 27, 28, 42, 43, 60, 61, 92, 93], "summary": {"covered_lines": 18, "num_statements": 36, "percent_covered": 50.0, "percent_covered_display": "50", "missing_lines": 18, "excluded_lines": 0}, "missing_lines": [34, 35, 36, 53, 54, 55, 56, 57, 77, 79, 80, 81, 86, 87, 88, 89, 100, 101], "excluded_lines": [], "functions": {"list_parse_cases": {"executed_lines": [], "summary": {"covered_lines": 0, "num_statements": 3, "percent_covered": 0.0, "percent_covered_display": "0", "missing_lines": 3, "excluded_lines": 0}, "missing_lines": [34, 35, 36], "excluded_lines": []}, "get_parse_case": {"executed_lines": [], "summary": {"covered_lines": 0, "num_statements": 5, "percent_covered": 0.0, "percent_covered_display": "0", "missing_lines": 5, "excluded_lines": 0}, "missing_lines": [53, 54, 55, 56, 57], "excluded_lines": []}, "detect_parse_case": {"executed_lines": [], "summary": {"covered_lines": 0, "num_statements": 8, "percent_covered": 0.0, "percent_covered_display": "0", "missing_lines": 8, "excluded_lines": 0}, "missing_lines": [77, 79, 80, 81, 86, 87, 88, 89], "excluded_lines": []}, "get_parse_case_stats": {"executed_lines": [], "summary": {"covered_lines": 0, "num_statements": 2, "percent_covered": 0.0, "percent_covered_display": "0", "missing_lines": 2, "excluded_lines": 0}, "missing_lines": [100, 101], "excluded_lines": []}, "": {"executed_lines": [1, 7, 8, 9, 10, 12, 13, 20, 21, 23, 24, 27, 28, 42, 43, 60, 61, 92, 93], "summary": {"covered_lines": 18, "num_statements": 18, "percent_covered": 100.0, "percent_covered_display": "100", "missing_lines": 0, "excluded_lines": 0}, "missing_lines": [], "excluded_lines": []}}, "classes": {"": {"executed_lines": [1, 7, 8, 9, 10, 12, 13, 20, 21, 23, 24, 27, 28, 42, 43, 60, 61, 92, 93], "summary": {"covered_lines": 18, "num_statements": 36, "percent_covered": 50.0, "percent_covered_display": "50", "missing_lines": 18, "excluded_lines": 0}, "missing_lines": [34, 35, 36, 53, 54, 55, 56, 57, 77, 79, 80, 81, 86, 87, 88, 89, 100, 101], "excluded_lines": []}}}, "src/maps/api/routers/profiles.py": {"executed_lines": [1, 7, 8, 9, 11, 12, 13, 15, 16, 19, 20, 21, 22, 23, 24, 25, 26, 29, 30, 31, 32, 33, 34, 37, 38, 47, 48, 49, 55, 56, 72, 73, 74, 75, 77, 78, 84, 85, 102, 104, 105, 112, 122, 125, 126, 127, 133, 134, 138, 139, 141, 142, 148, 149, 210, 211, 227, 229, 230, 234, 235, 238], "summary": {"covered_lines": 59, "num_statements": 104, "percent_covered": 56.73076923076923, "percent_covered_display": "57", "missing_lines": 45, "excluded_lines": 0}, "missing_lines": [50, 51, 52, 76, 79, 80, 81, 106, 135, 143, 144, 145, 168, 170, 171, 172, 175, 177, 178, 179, 180, 181, 182, 183, 184, 187, 188, 189, 195, 196, 197, 200, 201, 203, 204, 205, 206, 207, 231, 236, 240, 241, 242, 243, 244], "excluded_lines": [], "functions": {"list_profiles": {"executed_lines": [47, 48, 49], "summary": {"covered_lines": 3, "num_statements": 6, "percent_covered": 50.0, "percent_covered_display": "50", "missing_lines": 3, "excluded_lines": 0}, "missing_lines": [50, 51, 52], "excluded_lines": []}, "get_profile": {"executed_lines": [72, 73, 74, 75, 77, 78], "summary": {"covered_lines": 6, "num_statements": 10, "percent_covered": 60.0, "percent_covered_display": "60", "missing_lines": 4, "excluded_lines": 0}, "missing_lines": [76, 79, 80, 81], "excluded_lines": []}, "create_profile": {"executed_lines": [102, 104, 105, 112, 122, 125, 126, 127, 133, 134, 138, 139, 141, 142], "summary": {"covered_lines": 14, "num_statements": 19, "percent_covered": 73.6842105263158, "percent_covered_display": "74", "missing_lines": 5, "excluded_lines": 0}, "missing_lines": [106, 135, 143, 144, 145], "excluded_lines": []}, "update_profile": {"executed_lines": [], "summary": {"covered_lines": 0, "num_statements": 26, "percent_covered": 0.0, "percent_covered_display": "0", "missing_lines": 26, "excluded_lines": 0}, "missing_lines": [168, 170, 171, 172, 175, 177, 178, 179, 180, 181, 182, 183, 184, 187, 188, 189, 195, 196, 197, 200, 201, 203, 204, 205, 206, 207], "excluded_lines": []}, "delete_profile": {"executed_lines": [227, 229, 230, 234, 235, 238], "summary": {"covered_lines": 6, "num_statements": 13, "percent_covered": 46.15384615384615, "percent_covered_display": "46", "missing_lines": 7, "excluded_lines": 0}, "missing_lines": [231, 236, 240, 241, 242, 243, 244], "excluded_lines": []}, "": {"executed_lines": [1, 7, 8, 9, 11, 12, 13, 15, 16, 19, 20, 21, 22, 23, 24, 25, 26, 29, 30, 31, 32, 33, 34, 37, 38, 55, 56, 84, 85, 148, 149, 210, 211], "summary": {"covered_lines": 30, "num_statements": 30, "percent_covered": 100.0, "percent_covered_display": "100", "missing_lines": 0, "excluded_lines": 0}, "missing_lines": [], "excluded_lines": []}}, "classes": {"ProfileCreateRequest": {"executed_lines": [], "summary": {"covered_lines": 0, "num_statements": 0, "percent_covered": 100.0, "percent_covered_display": "100", "missing_lines": 0, "excluded_lines": 0}, "missing_lines": [], "excluded_lines": []}, "ProfileUpdateRequest": {"executed_lines": [], "summary": {"covered_lines": 0, "num_statements": 0, "percent_covered": 100.0, "percent_covered_display": "100", "missing_lines": 0, "excluded_lines": 0}, "missing_lines": [], "excluded_lines": []}, "": {"executed_lines": [1, 7, 8, 9, 11, 12, 13, 15, 16, 19, 20, 21, 22, 23, 24, 25, 26, 29, 30, 31, 32, 33, 34, 37, 38, 47, 48, 49, 55, 56, 72, 73, 74, 75, 77, 78, 84, 85, 102, 104, 105, 112, 122, 125, 126, 127, 133, 134, 138, 139, 141, 142, 148, 149, 210, 211, 227, 229, 230, 234, 235, 238], "summary": {"covered_lines": 59, "num_statements": 104, "percent_covered": 56.73076923076923, "percent_covered_display": "57", "missing_lines": 45, "excluded_lines": 0}, "missing_lines": [50, 51, 52, 76, 79, 80, 81, 106, 135, 143, 144, 145, 168, 170, 171, 172, 175, 177, 178, 179, 180, 181, 182, 183, 184, 187, 188, 189, 195, 196, 197, 200, 201, 203, 204, 205, 206, 207, 231, 236, 240, 241, 242, 243, 244], "excluded_lines": []}}}, "src/maps/api/routers/pylidc.py": {"executed_lines": [1, 7, 8, 9, 10, 12, 13, 14, 15, 17, 18, 21, 22, 122, 123, 132, 133, 151, 152, 170, 171], "summary": {"covered_lines": 20, "num_statements": 43, "percent_covered": 46.51162790697674, "percent_covered_display": "47", "missing_lines": 23, "excluded_lines": 0}, "missing_lines": [85, 86, 125, 126, 127, 128, 129, 138, 139, 140, 145, 146, 147, 148, 157, 158, 159, 164, 165, 166, 167, 173, 174], "excluded_lines": [], "functions": {"list_scans": {"executed_lines": [], "summary": {"covered_lines": 0, "num_statements": 2, "percent_covered": 0.0, "percent_covered_display": "0", "missing_lines": 2, "excluded_lines": 0}, "missing_lines": [85, 86], "excluded_lines": []}, "get_scan": {"executed_lines": [], "summary": {"covered_lines": 0, "num_statements": 5, "percent_covered": 0.0, "percent_covered_display": "0", "missing_lines": 5, "excluded_lines": 0}, "missing_lines": [125, 126, 127, 128, 129], "excluded_lines": []}, "import_scan": {"executed_lines": [], "summary": {"covered_lines": 0, "num_statements": 7, "percent_covered": 0.0, "percent_covered_display": "0", "missing_lines": 7, "excluded_lines": 0}, "missing_lines": [138, 139, 140, 145, 146, 147, 148], "excluded_lines": []}, "import_batch": {"executed_lines": [], "summary": {"covered_lines": 0, "num_statements": 7, "percent_covered": 0.0, "percent_covered_display": "0", "missing_lines": 7, "excluded_lines": 0}, "missing_lines": [157, 158, 159, 164, 165, 166, 167], "excluded_lines": []}, "get_annotations": {"executed_lines": [], "summary": {"covered_lines": 0, "num_statements": 2, "percent_covered": 0.0, "percent_covered_display": "0", "missing_lines": 2, "excluded_lines": 0}, "missing_lines": [173, 174], "excluded_lines": []}, "": {"executed_lines": [1, 7, 8, 9, 10, 12, 13, 14, 15, 17, 18, 21, 22, 122, 123, 132, 133, 151, 152, 170, 171], "summary": {"covered_lines": 20, "num_statements": 20, "percent_covered": 100.0, "percent_covered_display": "100", "missing_lines": 0, "excluded_lines": 0}, "missing_lines": [], "excluded_lines": []}}, "classes": {"": {"executed_lines": [1, 7, 8, 9, 10, 12, 13, 14, 15, 17, 18, 21, 22, 122, 123, 132, 133, 151, 152, 170, 171], "summary": {"covered_lines": 20, "num_statements": 43, "percent_covered": 46.51162790697674, "percent_covered_display": "47", "missing_lines": 23, "excluded_lines": 0}, "missing_lines": [85, 86, 125, 126, 127, 128, 129, 138, 139, 140, 145, 146, 147, 148, 157, 158, 159, 164, 165, 166, 167, 173, 174], "excluded_lines": []}}}, "src/maps/api/routers/search.py": {"executed_lines": [1, 7, 8, 9, 10, 12, 13, 14, 16, 17, 20, 21, 32, 33, 43, 44, 62, 63], "summary": {"covered_lines": 17, "num_statements": 30, "percent_covered": 56.666666666666664, "percent_covered_display": "57", "missing_lines": 13, "excluded_lines": 0}, "missing_lines": [28, 29, 39, 40, 49, 50, 51, 56, 57, 58, 59, 68, 69], "excluded_lines": [], "functions": {"full_text_search": {"executed_lines": [], "summary": {"covered_lines": 0, "num_statements": 2, "percent_covered": 0.0, "percent_covered_display": "0", "missing_lines": 2, "excluded_lines": 0}, "missing_lines": [28, 29], "excluded_lines": []}, "semantic_search": {"executed_lines": [], "summary": {"covered_lines": 0, "num_statements": 2, "percent_covered": 0.0, "percent_covered_display": "0", "missing_lines": 2, "excluded_lines": 0}, "missing_lines": [39, 40], "excluded_lines": []}, "custom_sql_query": {"executed_lines": [], "summary": {"covered_lines": 0, "num_statements": 7, "percent_covered": 0.0, "percent_covered_display": "0", "missing_lines": 7, "excluded_lines": 0}, "missing_lines": [49, 50, 51, 56, 57, 58, 59], "excluded_lines": []}, "advanced_filter": {"executed_lines": [], "summary": {"covered_lines": 0, "num_statements": 2, "percent_covered": 0.0, "percent_covered_display": "0", "missing_lines": 2, "excluded_lines": 0}, "missing_lines": [68, 69], "excluded_lines": []}, "": {"executed_lines": [1, 7, 8, 9, 10, 12, 13, 14, 16, 17, 20, 21, 32, 33, 43, 44, 62, 63], "summary": {"covered_lines": 17, "num_statements": 17, "percent_covered": 100.0, "percent_covered_display": "100", "missing_lines": 0, "excluded_lines": 0}, "missing_lines": [], "excluded_lines": []}}, "classes": {"": {"executed_lines": [1, 7, 8, 9, 10, 12, 13, 14, 16, 17, 20, 21, 32, 33, 43, 44, 62, 63], "summary": {"covered_lines": 17, "num_statements": 30, "percent_covered": 56.666666666666664, "percent_covered_display": "57", "missing_lines": 13, "excluded_lines": 0}, "missing_lines": [28, 29, 39, 40, 49, 50, 51, 56, 57, 58, 59, 68, 69], "excluded_lines": []}}}, "src/maps/api/routers/views.py": {"executed_lines": [1, 7, 8, 9, 10, 12, 13, 14, 16, 17, 21, 22, 32, 33, 42, 43, 50, 51, 60, 61, 70, 71, 81, 82, 91, 92], "summary": {"covered_lines": 25, "num_statements": 41, "percent_covered": 60.97560975609756, "percent_covered_display": "61", "missing_lines": 16, "excluded_lines": 0}, "missing_lines": [28, 29, 38, 39, 45, 46, 56, 57, 66, 67, 76, 77, 87, 88, 97, 98], "excluded_lines": [], "functions": {"file_summary": {"executed_lines": [], "summary": {"covered_lines": 0, "num_statements": 2, "percent_covered": 0.0, "percent_covered_display": "0", "missing_lines": 2, "excluded_lines": 0}, "missing_lines": [28, 29], "excluded_lines": []}, "segment_statistics": {"executed_lines": [], "summary": {"covered_lines": 0, "num_statements": 2, "percent_covered": 0.0, "percent_covered_display": "0", "missing_lines": 2, "excluded_lines": 0}, "missing_lines": [38, 39], "excluded_lines": []}, "numeric_data_flat": {"executed_lines": [], "summary": {"covered_lines": 0, "num_statements": 2, "percent_covered": 0.0, "percent_covered_display": "0", "missing_lines": 2, "excluded_lines": 0}, "missing_lines": [45, 46], "excluded_lines": []}, "lidc_patient_summary": {"executed_lines": [], "summary": {"covered_lines": 0, "num_statements": 2, "percent_covered": 0.0, "percent_covered_display": "0", "missing_lines": 2, "excluded_lines": 0}, "missing_lines": [56, 57], "excluded_lines": []}, "lidc_nodule_analysis": {"executed_lines": [], "summary": {"covered_lines": 0, "num_statements": 2, "percent_covered": 0.0, "percent_covered_display": "0", "missing_lines": 2, "excluded_lines": 0}, "missing_lines": [66, 67], "excluded_lines": []}, "lidc_3d_contours": {
[...]
ing_lines": 56, "excluded_lines": 0}, "missing_lines": [147, 149, 150, 153, 154, 155, 156, 157, 158, 159, 160, 161, 162, 165, 166, 167, 169, 172, 173, 174, 177, 179, 180, 181, 182, 184, 187, 188, 189, 192, 193, 195, 196, 197, 199, 200, 201, 204, 205, 206, 209, 210, 211, 214, 215, 216, 219, 220, 221, 222, 225, 226, 227, 228, 231, 234], "excluded_lines": []}, "XMLStructureDetector.detect_structure_type": {"executed_lines": [], "summary": {"covered_lines": 0, "num_statements": 19, "percent_covered": 0.0, "percent_covered_display": "0", "missing_lines": 19, "excluded_lines": 0}, "missing_lines": [248, 249, 251, 253, 254, 255, 258, 259, 260, 263, 264, 265, 276, 281, 282, 284, 286, 287, 288], "excluded_lines": []}, "XMLStructureDetector._analyze_xml_structure": {"executed_lines": [], "summary": {"covered_lines": 0, "num_statements": 7, "percent_covered": 0.0, "percent_covered_display": "0", "missing_lines": 7, "excluded_lines": 0}, "missing_lines": [300, 301, 304, 307, 308, 309, 312], "excluded_lines": []}, "XMLStructureDetector._extract_namespace": {"executed_lines": [], "summary": {"covered_lines": 0, "num_statements": 2, "percent_covered": 0.0, "percent_covered_display": "0", "missing_lines": 2, "excluded_lines": 0}, "missing_lines": [316, 317], "excluded_lines": []}, "XMLStructureDetector._make_tag": {"executed_lines": [], "summary": {"covered_lines": 0, "num_statements": 1, "percent_covered": 0.0, "percent_covered_display": "0", "missing_lines": 1, "excluded_lines": 0}, "missing_lines": [321], "excluded_lines": []}, "XMLStructureDetector._analyze_header": {"executed_lines": [], "summary": {"covered_lines": 0, "num_statements": 9, "percent_covered": 0.0, "percent_covered_display": "0", "missing_lines": 9, "excluded_lines": 0}, "missing_lines": [325, 326, 328, 329, 335, 336, 339, 340, 343], "excluded_lines": []}, "XMLStructureDetector._analyze_sessions": {"executed_lines": [], "summary": {"covered_lines": 0, "num_statements": 4, "percent_covered": 0.0, "percent_covered_display": "0", "missing_lines": 4, "excluded_lines": 0}, "missing_lines": [352, 354, 357, 359], "excluded_lines": []}, "XMLStructureDetector._analyze_characteristics": {"executed_lines": [], "summary": {"covered_lines": 0, "num_statements": 24, "percent_covered": 0.0, "percent_covered_display": "0", "missing_lines": 24, "excluded_lines": 0}, "missing_lines": [367, 369, 372, 373, 380, 381, 384, 385, 391, 392, 394, 395, 404, 405, 406, 407, 408, 411, 412, 413, 414, 415, 417, 419], "excluded_lines": []}, "XMLStructureDetector._classify_structure": {"executed_lines": [], "summary": {"covered_lines": 0, "num_statements": 6, "percent_covered": 0.0, "percent_covered_display": "0", "missing_lines": 6, "excluded_lines": 0}, "missing_lines": [443, 445, 446, 447, 449, 450], "excluded_lines": []}, "XMLStructureDetector.batch_detect_structures": {"executed_lines": [], "summary": {"covered_lines": 0, "num_statements": 19, "percent_covered": 0.0, "percent_covered_display": "0", "missing_lines": 19, "excluded_lines": 0}, "missing_lines": [462, 463, 465, 467, 468, 469, 470, 472, 473, 475, 476, 477, 480, 481, 482, 484, 485, 486, 488], "excluded_lines": []}, "XMLStructureDetector.get_parse_case_info": {"executed_lines": [], "summary": {"covered_lines": 0, "num_statements": 7, "percent_covered": 0.0, "percent_covered_display": "0", "missing_lines": 7, "excluded_lines": 0}, "missing_lines": [500, 501, 502, 503, 514, 515, 518], "excluded_lines": []}, "XMLStructureDetector.close": {"executed_lines": [], "summary": {"covered_lines": 0, "num_statements": 8, "percent_covered": 0.0, "percent_covered_display": "0", "missing_lines": 8, "excluded_lines": 0}, "missing_lines": [528, 529, 530, 531, 532, 533, 536, 537], "excluded_lines": []}, "XMLStructureDetector.__enter__": {"executed_lines": [], "summary": {"covered_lines": 0, "num_statements": 1, "percent_covered": 0.0, "percent_covered_display": "0", "missing_lines": 1, "excluded_lines": 0}, "missing_lines": [541], "excluded_lines": []}, "XMLStructureDetector.__exit__": {"executed_lines": [], "summary": {"covered_lines": 0, "num_statements": 2, "percent_covered": 0.0, "percent_covered_display": "0", "missing_lines": 2, "excluded_lines": 0}, "missing_lines": [545, 546], "excluded_lines": []}, "XMLStructureDetector.refresh_cache": {"executed_lines": [], "summary": {"covered_lines": 0, "num_statements": 3, "percent_covered": 0.0, "percent_covered_display": "0", "missing_lines": 3, "excluded_lines": 0}, "missing_lines": [553, 554, 555], "excluded_lines": []}, "XMLStructureDetector.validate_batch_consistency": {"executed_lines": [], "summary": {"covered_lines": 0, "num_statements": 8, "percent_covered": 0.0, "percent_covered_display": "0", "missing_lines": 8, "excluded_lines": 0}, "missing_lines": [567, 570, 571, 572, 574, 575, 576, 578], "excluded_lines": []}, "detect_parse_case": {"executed_lines": [], "summary": {"covered_lines": 0, "num_statements": 2, "percent_covered": 0.0, "percent_covered_display": "0", "missing_lines": 2, "excluded_lines": 0}, "missing_lines": [602, 603], "excluded_lines": []}, "batch_detect_parse_cases": {"executed_lines": [], "summary": {"covered_lines": 0, "num_statements": 2, "percent_covered": 0.0, "percent_covered_display": "0", "missing_lines": 2, "excluded_lines": 0}, "missing_lines": [616, 617], "excluded_lines": []}, "": {"executed_lines": [1, 15, 16, 17, 18, 19, 20, 21, 24, 25, 28, 29, 30, 31, 37, 38, 39, 40, 41, 42, 44, 49, 50, 67, 70, 73, 104, 134, 236, 290, 314, 319, 323, 350, 365, 428, 452, 490, 523, 539, 543, 548, 557, 591, 606, 620], "summary": {"covered_lines": 43, "num_statements": 58, "percent_covered": 74.13793103448276, "percent_covered_display": "74", "missing_lines": 15, "excluded_lines": 0}, "missing_lines": [32, 33, 34, 622, 624, 625, 627, 628, 629, 630, 631, 632, 633, 635, 637], "excluded_lines": []}}, "classes": {"ParseCaseCache": {"executed_lines": [], "summary": {"covered_lines": 0, "num_statements": 1, "percent_covered": 0.0, "percent_covered_display": "0", "missing_lines": 1, "excluded_lines": 0}, "missing_lines": [46], "excluded_lines": []}, "XMLStructureDetector": {"executed_lines": [85, 91, 92, 93, 94, 95, 98, 99, 101, 102], "summary": {"covered_lines": 10, "num_statements": 198, "percent_covered": 5.05050505050505, "percent_covered_display": "5", "missing_lines": 188, "excluded_lines": 0}, "missing_lines": [86, 100, 112, 113, 116, 117, 120, 126, 127, 129, 130, 132, 147, 149, 150, 153, 154, 155, 156, 157, 158, 159, 160, 161, 162, 165, 166, 167, 169, 172, 173, 174, 177, 179, 180, 181, 182, 184, 187, 188, 189, 192, 193, 195, 196, 197, 199, 200, 201, 204, 205, 206, 209, 210, 211, 214, 215, 216, 219, 220, 221, 222, 225, 226, 227, 228, 231, 234, 248, 249, 251, 253, 254, 255, 258, 259, 260, 263, 264, 265, 276, 281, 282, 284, 286, 287, 288, 300, 301, 304, 307, 308, 309, 312, 316, 317, 321, 325, 326, 328, 329, 335, 336, 339, 340, 343, 352, 354, 357, 359, 367, 369, 372, 373, 380, 381, 384, 385, 391, 392, 394, 395, 404, 405, 406, 407, 408, 411, 412, 413, 414, 415, 417, 419, 443, 445, 446, 447, 449, 450, 462, 463, 465, 467, 468, 469, 470, 472, 473, 475, 476, 477, 480, 481, 482, 484, 485, 486, 488, 500, 501, 502, 503, 514, 515, 518, 528, 529, 530, 531, 532, 533, 536, 537, 541, 545, 546, 553, 554, 555, 567, 570, 571, 572, 574, 575, 576, 578], "excluded_lines": []}, "": {"executed_lines": [1, 15, 16, 17, 18, 19, 20, 21, 24, 25, 28, 29, 30, 31, 37, 38, 39, 40, 41, 42, 44, 49, 50, 67, 70, 73, 104, 134, 236, 290, 314, 319, 323, 350, 365, 428, 452, 490, 523, 539, 543, 548, 557, 591, 606, 620], "summary": {"covered_lines": 43, "num_statements": 62, "percent_covered": 69.35483870967742, "percent_covered_display": "69", "missing_lines": 19, "excluded_lines": 0}, "missing_lines": [32, 33, 34, 602, 603, 616, 617, 622, 624, 625, 627, 628, 629, 630, 631, 632, 633, 635, 637], "excluded_lines": []}}}, "src/maps/supabase.py": {"executed_lines": [], "summary": {"covered_lines": 0, "num_statements": 37, "percent_covered": 0.0, "percent_covered_display": "0", "missing_lines": 37, "excluded_lines": 0}, "missing_lines": [7, 8, 10, 12, 16, 19, 41, 42, 44, 45, 46, 47, 51, 52, 54, 55, 60, 61, 64, 78, 79, 80, 81, 85, 86, 88, 89, 93, 96, 103, 104, 105, 109, 110, 111, 114, 117], "excluded_lines": [], "functions": {"get_supabase_client": {"executed_lines": [], "summary": {"covered_lines": 0, "num_statements": 12, "percent_covered": 0.0, "percent_covered_display": "0", "missing_lines": 12, "excluded_lines": 0}, "missing_lines": [41, 42, 44, 45, 46, 47, 51, 52, 54, 55, 60, 61], "excluded_lines": []}, "get_supabase_service_client": {"executed_lines": [], "summary": {"covered_lines": 0, "num_statements": 9, "percent_covered": 0.0, "percent_covered_display": "0", "missing_lines": 9, "excluded_lines": 0}, "missing_lines": [78, 79, 80, 81, 85, 86, 88, 89, 93], "excluded_lines": []}, "is_supabase_available": {"executed_lines": [], "summary": {"covered_lines": 0, "num_statements": 3, "percent_covered": 0.0, "percent_covered_display": "0", "missing_lines": 3, "excluded_lines": 0}, "missing_lines": [103, 104, 105], "excluded_lines": []}, "": {"executed_lines": [], "summary": {"covered_lines": 0, "num_statements": 13, "percent_covered": 0.0, "percent_covered_display": "0", "missing_lines": 13, "excluded_lines": 0}, "missing_lines": [7, 8, 10, 12, 16, 19, 64, 96, 109, 110, 111, 114, 117], "excluded_lines": []}}, "classes": {"": {"executed_lines": [], "summary": {"covered_lines": 0, "num_statements": 37, "percent_covered": 0.0, "percent_covered_display": "0", "missing_lines": 37, "excluded_lines": 0}, "missing_lines": [7, 8, 10, 12, 16, 19, 41, 42, 44, 45, 46, 47, 51, 52, 54, 55, 60, 61, 64, 78, 79, 80, 81, 85, 86, 88, 89, 93, 96, 103, 104, 105, 109, 110, 111, 114, 117], "excluded_lines": []}}}, "src/maps/utils.py": {"executed_lines": [], "summary": {"covered_lines": 0, "num_statements": 22, "percent_covered": 0.0, "percent_covered_display": "0", "missing_lines": 22, "excluded_lines": 0}, "missing_lines": [4, 5, 8, 10, 13, 15, 16, 17, 20, 22, 23, 24, 25, 26, 27, 30, 32, 33, 34, 35, 36, 37], "excluded_lines": [], "functions": {"sanitize_filename": {"executed_lines": [], "summary": {"covered_lines": 0, "num_statements": 1, "percent_covered": 0.0, "percent_covered_display": "0", "missing_lines": 1, "excluded_lines": 0}, "missing_lines": [10], "excluded_lines": []}, "format_timestamp": {"executed_lines": [], "summary": {"covered_lines": 0, "num_statements": 3, "percent_covered": 0.0, "percent_covered_display": "0", "missing_lines": 3, "excluded_lines": 0}, "missing_lines": [15, 16, 17], "excluded_lines": []}, "validate_xml_file": {"executed_lines": [], "summary": {"covered_lines": 0, "num_statements": 6, "percent_covered": 0.0, "percent_covered_display": "0", "missing_lines": 6, "excluded_lines": 0}, "missing_lines": [22, 23, 24, 25, 26, 27], "excluded_lines": []}, "get_file_size_mb": {"executed_lines": [], "summary": {"covered_lines": 0, "num_statements": 6, "percent_covered": 0.0, "percent_covered_display": "0", "missing_lines": 6, "excluded_lines": 0}, "missing_lines": [32, 33, 34, 35, 36, 37], "excluded_lines": []}, "": {"executed_lines": [], "summary": {"covered_lines": 0, "num_statements": 6, "percent_covered": 0.0, "percent_covered_display": "0", "missing_lines": 6, "excluded_lines": 0}, "missing_lines": [4, 5, 8, 13, 20, 30], "excluded_lines": []}}, "classes": {"": {"executed_lines": [], "summary": {"covered_lines": 0, "num_statements": 22, "percent_covered": 0.0, "percent_covered_display": "0", "missing_lines": 22, "excluded_lines": 0}, "missing_lines": [4, 5, 8, 10, 13, 15, 16, 17, 20, 22, 23, 24, 25, 26, 27, 30, 32, 33, 34, 35, 36, 37], "excluded_lines": []}}}, "src/maps/xml_keyword_extractor.py": {"executed_lines": [1, 14, 15, 16, 17, 18, 19, 21, 24, 25, 28, 29, 30, 31, 32, 33, 34, 35, 37, 41, 42, 55, 60, 66, 73, 80, 89, 90, 91, 97, 108, 114, 125, 126, 127, 130, 133, 134, 135, 136, 137, 140, 143, 147, 148, 150, 152, 158, 160, 161, 163, 165, 167, 173, 176, 177, 178, 180, 181, 182, 185, 186, 188, 195, 196, 197, 199, 200, 202, 203, 204, 206, 207, 209, 215, 217, 221, 224, 225, 227, 245, 247, 253, 256, 262, 265, 266, 275, 277, 283, 286, 287, 289, 297, 298, 300, 307, 309, 320, 323, 328, 330, 363, 373, 375, 376, 378, 379, 381, 383, 385, 417, 470, 474], "summary": {"covered_lines": 111, "num_statements": 168, "percent_covered": 66.07142857142857, "percent_covered_display": "66", "missing_lines": 57, "excluded_lines": 0}, "missing_lines": [38, 144, 154, 155, 156, 228, 229, 232, 234, 235, 237, 239, 267, 269, 290, 301, 344, 346, 347, 350, 351, 353, 356, 357, 358, 359, 361, 394, 396, 403, 413, 414, 415, 429, 430, 432, 433, 434, 435, 437, 438, 440, 441, 445, 448, 449, 452, 453, 454, 455, 456, 459, 460, 462, 472, 476, 477], "excluded_lines": [], "functions": {"ExtractedKeyword.__repr__": {"executed_lines": [], "summary": {"covered_lines": 0, "num_statements": 1, "percent_covered": 0.0, "percent_covered_display": "0", "missing_lines": 1, "excluded_lines": 0}, "missing_lines": [38], "excluded_lines": []}, "XMLKeywordExtractor.__init__": {"executed_lines": [89, 90, 91], "summary": {"covered_lines": 3, "num_statements": 3, "percent_covered": 100.0, "percent_covered_display": "100", "missing_lines": 0, "excluded_lines": 0}, "missing_lines": [], "excluded_lines": []}, "XMLKeywordExtractor._load_medical_terms": {"executed_lines": [108], "summary": {"covered_lines": 1, "num_statements": 1, "percent_covered": 100.0, "percent_covered_display": "100", "missing_lines": 0, "excluded_lines": 0}, "missing_lines": [], "excluded_lines": []}, "XMLKeywordExtractor.extract_from_xml": {"executed_lines": [125, 126, 127, 130, 133, 134, 135, 136, 137, 140, 143, 147, 148, 150, 152], "summary": {"covered_lines": 15, "num_statements": 19, "percent_covered": 78.94736842105263, "percent_covered_display": "79", "missing_lines": 4, "excluded_lines": 0}, "missing_lines": [144, 154, 155, 156], "excluded_lines": []}, "XMLKeywordExtractor._extract_namespace": {"executed_lines": [160, 161], "summary": {"covered_lines": 2, "num_statements": 2, "percent_covered": 100.0, "percent_covered_display": "100", "missing_lines": 0, "excluded_lines": 0}, "missing_lines": [], "excluded_lines": []}, "XMLKeywordExtractor._make_tag": {"executed_lines": [165], "summary": {"covered_lines": 1, "num_statements": 1, "percent_covered": 100.0, "percent_covered_display": "100", "missing_lines": 0, "excluded_lines": 0}, "missing_lines": [], "excluded_lines": []}, "XMLKeywordExtractor._extract_characteristics": {"executed_lines": [173, 176, 177, 178, 180, 181, 182, 185, 186, 188, 195, 196, 197, 199, 200, 202, 203, 204, 206, 207, 209, 215], "summary": {"covered_lines": 22, "num_statements": 22, "percent_covered": 100.0, "percent_covered_display": "100", "missing_lines": 0, "excluded_lines": 0}, "missing_lines": [], "excluded_lines": []}, "XMLKeywordExtractor._extract_diagnostic_text": {"executed_lines": [221, 224, 225, 227, 245], "summary": {"covered_lines": 5, "num_statements": 12, "percent_covered": 41.666666666666664, "percent_covered_display": "42", "missing_lines": 7, "excluded_lines": 0}, "missing_lines": [228, 229, 232, 234, 235, 237, 239], "excluded_lines": []}, "XMLKeywordExtractor._extract_anatomical_terms": {"executed_lines": [253, 256, 262, 265, 266, 275], "summary": {"covered_lines": 6, "num_statements": 8, "percent_covered": 75.0, "percent_covered_display": "75", "missing_lines": 2, "excluded_lines": 0}, "missing_lines": [267, 269], "excluded_lines": []}, "XMLKeywordExtractor._extract_metadata": {"executed_lines": [283, 286, 287, 289, 297, 298, 300, 307], "summary": {"covered_lines": 8, "num_statements": 10, "percent_covered": 80.0, "percent_covered_display": "80", "missing_lines": 2, "excluded_lines": 0}, "missing_lines": [290, 301], "excluded_lines": []}, "XMLKeywordExtractor._tokenize_medical_text": {"executed_lines": [320, 323, 328], "summary": {"covered_lines": 3, "num_statements": 3, "percent_covered": 100.0, "percent_covered_display": "100", "missing_lines": 0, "excluded_lines": 0}, "missing_lines": [], "excluded_lines": []}, "XMLKeywordExtractor._create_context_snippet": {"executed_lines": [], "summary": {"covered_lines": 0, "num_statements": 11, "percent_covered": 0.0, "percent_covered_display": "0", "missing_lines": 11, "excluded_lines": 0}, "missing_lines": [344, 346, 347, 350, 351, 353, 356, 357, 358, 359, 361], "excluded_lines": []}, "XMLKeywordExtractor._consolidate_keywords": {"executed_lines": [373, 375, 376, 378, 379, 381, 383], "summary": {"covered_lines": 7, "num_statements": 7, "percent_covered": 100.0, "percent_covered_display": "100", "missing_lines": 0, "excluded_lines": 0}, "missing_lines": [], "excluded_lines": []}, "XMLKeywordExtractor._store_keywords": {"executed_lines": [], "summary": {"covered_lines": 0, "num_statements": 6, "percent_covered": 0.0, "percent_covered_display": "0", "missing_lines": 6, "excluded_lines": 0}, "missing_lines": [394, 396, 403, 413, 414, 415], "excluded_lines": []}, "XMLKeywordExtractor.extract_from_multiple": {"executed_lines": [], "summary": {"covered_lines": 0, "num_statements": 21, "percent_covered": 0.0, "percent_covered_display": "0", "missing_lines": 21, "excluded_lines": 0}, "missing_lines": [429, 430, 432, 433, 434, 435, 437, 438, 440, 441, 445, 448, 449, 452, 453, 454, 455, 456, 459, 460, 462], "excluded_lines": []}, "XMLKeywordExtractor.get_extraction_stats": {"executed_lines": [], "summary": {"covered_lines": 0, "num_statements": 1, "percent_covered": 0.0, "percent_covered_display": "0", "missing_lines": 1, "excluded_lines": 0}, "missing_lines": [472], "excluded_lines": []}, "XMLKeywordExtractor.close": {"executed_lines": [], "summary": {"covered_lines": 0, "num_statements": 2, "percent_covered": 0.0, "percent_covered_display": "0", "missing_lines": 2, "excluded_lines": 0}, "missing_lines": [476, 477], "excluded_lines": []}, "": {"executed_lines": [1, 14, 15, 16, 17, 18, 19, 21, 24, 25, 28, 29, 30, 31, 32, 33, 34, 35, 37, 41, 42, 55, 60, 66, 73, 80, 97, 114, 158, 163, 167, 217, 247, 277, 309, 330, 363, 385, 417, 470, 474], "summary": {"covered_lines": 38, "num_statements": 38, "percent_covered": 100.0, "percent_covered_display": "100", "missing_lines": 0, "excluded_lines": 0}, "missing_lines": [], "excluded_lines": []}}, "classes": {"ExtractedKeyword": {"executed_lines": [], "summary": {"covered_lines": 0, "num_statements": 1, "percent_covered": 0.0, "percent_covered_display": "0", "missing_lines": 1, "excluded_lines": 0}, "missing_lines": [38], "excluded_lines": []}, "XMLKeywordExtractor": {"executed_lines": [89, 90, 91, 108, 125, 126, 127, 130, 133, 134, 135, 136, 137, 140, 143, 147, 148, 150, 152, 160, 161, 165, 173, 176, 177, 178, 180, 181, 182, 185, 186, 188, 195, 196, 197, 199, 200, 202, 203, 204, 206, 207, 209, 215, 221, 224, 225, 227, 245, 253, 256, 262, 265, 266, 275, 283, 286, 287, 289, 297, 298, 300, 307, 320, 323, 328, 373, 375, 376, 378, 379, 381, 383], "summary": {"covered_lines": 73, "num_statements": 129, "percent_covered": 56.58914728682171, "percent_covered_display": "57", "missing_lines": 56, "excluded_lines": 0}, "missing_lines": [144, 154, 155, 156, 228, 229, 232, 234, 235, 237, 239, 267, 269, 290, 301, 344, 346, 347, 350, 351, 353, 356, 357, 358, 359, 361, 394, 396, 403, 413, 414, 415, 429, 430, 432, 433, 434, 435, 437, 438, 440, 441, 445, 448, 449, 452, 453, 454, 455, 456, 459, 460, 462, 472, 476, 477], "excluded_lines": []}, "": {"executed_lines": [1, 14, 15, 16, 17, 18, 19, 21, 24, 25, 28, 29, 30, 31, 32, 33, 34, 35, 37, 41, 42, 55, 60, 66, 73, 80, 97, 114, 158, 163, 167, 217, 247, 277, 309, 330, 363, 385, 417, 470, 474], "summary": {"covered_lines": 38, "num_statements": 38, "percent_covered": 100.0, "percent_covered_display": "100", "missing_lines": 0, "excluded_lines": 0}, "missing_lines": [], "excluded_lines": []}}}}, "totals": {"covered_lines": 3428, "num_statements": 7848, "percent_covered": 43.67991845056065, "percent_covered_display": "44", "missing_lines": 4420, "excluded_lines": 1}}